+ cd /home/atml_team066/Lane_detection
+ export PYTHONNOUSERSITE=1
+ PYTHONNOUSERSITE=1
++ mktemp -d /tmp/lanedet_app_env_XXXXXX
+ export JOB_ENV=/tmp/lanedet_app_env_2Qg8fb
+ JOB_ENV=/tmp/lanedet_app_env_2Qg8fb
+ export PYTHONPATH=/tmp/lanedet_app_env_2Qg8fb:
+ PYTHONPATH=/tmp/lanedet_app_env_2Qg8fb:
+ export PATH=/tmp/lanedet_app_env_2Qg8fb/bin:/usr/local/nvidia/bin:/usr/local/cuda/bin:/opt/conda/bin:/usr/local/nvidia/bin:/usr/local/cuda/bin:/usr/local/sbin:/usr/local/bin:/usr/sbin:/usr/bin:/sbin:/bin
+ PATH=/tmp/lanedet_app_env_2Qg8fb/bin:/usr/local/nvidia/bin:/usr/local/cuda/bin:/opt/conda/bin:/usr/local/nvidia/bin:/usr/local/cuda/bin:/usr/local/sbin:/usr/local/bin:/usr/sbin:/usr/bin:/sbin:/bin
+ python -m pip install --no-cache-dir --target /tmp/lanedet_app_env_2Qg8fb numpy==1.26.4 opencv-python-headless==4.10.0.84 albumentations==1.4.8 albucore==0.0.9 gradio==4.44.1 huggingface_hub==0.25.2 matplotlib tqdm
+ python app/gradio_app.py
INFO:albumentations.check_version:A new version of Albumentations is available: 2.0.8 (you have 1.4.8). Upgrade using: pip install --upgrade albumentations
INFO:httpx:HTTP Request: GET https://checkip.amazonaws.com/ "HTTP/1.1 200 "
INFO:httpx:HTTP Request: GET http://localhost:7860/startup-events "HTTP/1.1 200 OK"
INFO:httpx:HTTP Request: HEAD http://localhost:7860/ "HTTP/1.1 500 Internal Server Error"
ERROR:    Exception in ASGI application
Traceback (most recent call last):
  File "/tmp/lanedet_app_env_2Qg8fb/uvicorn/protocols/http/h11_impl.py", line 415, in run_asgi
    result = await app(  # type: ignore[func-returns-value]
  File "/tmp/lanedet_app_env_2Qg8fb/uvicorn/middleware/proxy_headers.py", line 56, in __call__
    return await self.app(scope, receive, send)
  File "/tmp/lanedet_app_env_2Qg8fb/fastapi/applications.py", line 1159, in __call__
    await super().__call__(scope, receive, send)
  File "/tmp/lanedet_app_env_2Qg8fb/starlette/applications.py", line 90, in __call__
    await self.middleware_stack(scope, receive, send)
  File "/tmp/lanedet_app_env_2Qg8fb/starlette/middleware/errors.py", line 186, in __call__
    raise exc
  File "/tmp/lanedet_app_env_2Qg8fb/starlette/middleware/errors.py", line 164, in __call__
    await self.app(scope, receive, _send)
  File "/tmp/lanedet_app_env_2Qg8fb/gradio/route_utils.py", line 761, in __call__
    await self.app(scope, receive, send)
  File "/tmp/lanedet_app_env_2Qg8fb/starlette/middleware/exceptions.py", line 63, in __call__
    await wrap_app_handling_exceptions(self.app, conn)(scope, receive, send)
  File "/tmp/lanedet_app_env_2Qg8fb/starlette/_exception_handler.py", line 53, in wrapped_app
    raise exc
  File "/tmp/lanedet_app_env_2Qg8fb/starlette/_exception_handler.py", line 42, in wrapped_app
    await app(scope, receive, sender)
  File "/tmp/lanedet_app_env_2Qg8fb/fastapi/middleware/asyncexitstack.py", line 18, in __call__
    await self.app(scope, receive, send)
  File "/tmp/lanedet_app_env_2Qg8fb/starlette/routing.py", line 660, in __call__
    await self.middleware_stack(scope, receive, send)
  File "/tmp/lanedet_app_env_2Qg8fb/starlette/routing.py", line 680, in app
    await route.handle(scope, receive, send)
  File "/tmp/lanedet_app_env_2Qg8fb/starlette/routing.py", line 276, in handle
    await self.app(scope, receive, send)
  File "/tmp/lanedet_app_env_2Qg8fb/fastapi/routing.py", line 134, in app
    await wrap_app_handling_exceptions(app, request)(scope, receive, send)
  File "/tmp/lanedet_app_env_2Qg8fb/starlette/_exception_handler.py", line 53, in wrapped_app
    raise exc
  File "/tmp/lanedet_app_env_2Qg8fb/starlette/_exception_handler.py", line 42, in wrapped_app
    await app(scope, receive, sender)
  File "/tmp/lanedet_app_env_2Qg8fb/fastapi/routing.py", line 120, in app
    response = await f(request)
  File "/tmp/lanedet_app_env_2Qg8fb/fastapi/routing.py", line 674, in app
    raw_response = await run_endpoint_function(
  File "/tmp/lanedet_app_env_2Qg8fb/fastapi/routing.py", line 330, in run_endpoint_function
    return await run_in_threadpool(dependant.call, **values)
  File "/tmp/lanedet_app_env_2Qg8fb/starlette/concurrency.py", line 32, in run_in_threadpool
    return await anyio.to_thread.run_sync(func)
  File "/tmp/lanedet_app_env_2Qg8fb/anyio/to_thread.py", line 63, in run_sync
    return await get_async_backend().run_sync_in_worker_thread(
  File "/tmp/lanedet_app_env_2Qg8fb/anyio/_backends/_asyncio.py", line 2518, in run_sync_in_worker_thread
    return await future
  File "/tmp/lanedet_app_env_2Qg8fb/anyio/_backends/_asyncio.py", line 1002, in run
    result = context.run(func, *args)
  File "/tmp/lanedet_app_env_2Qg8fb/gradio/routes.py", line 431, in main
    gradio_api_info = api_info(False)
  File "/tmp/lanedet_app_env_2Qg8fb/gradio/routes.py", line 460, in api_info
    app.api_info = app.get_blocks().get_api_info()
  File "/tmp/lanedet_app_env_2Qg8fb/gradio/blocks.py", line 2785, in get_api_info
    python_type = client_utils.json_schema_to_python_type(info)
  File "/tmp/lanedet_app_env_2Qg8fb/gradio_client/utils.py", line 893, in json_schema_to_python_type
    type_ = _json_schema_to_python_type(schema, schema.get("$defs"))
  File "/tmp/lanedet_app_env_2Qg8fb/gradio_client/utils.py", line 947, in _json_schema_to_python_type
    des = [
  File "/tmp/lanedet_app_env_2Qg8fb/gradio_client/utils.py", line 948, in <listcomp>
    f"{n}: {_json_schema_to_python_type(v, defs)}{get_desc(v)}"
  File "/tmp/lanedet_app_env_2Qg8fb/gradio_client/utils.py", line 955, in _json_schema_to_python_type
    f"str, {_json_schema_to_python_type(schema['additionalProperties'], defs)}"
  File "/tmp/lanedet_app_env_2Qg8fb/gradio_client/utils.py", line 901, in _json_schema_to_python_type
    type_ = get_type(schema)
  File "/tmp/lanedet_app_env_2Qg8fb/gradio_client/utils.py", line 863, in get_type
    if "const" in schema:
TypeError: argument of type 'bool' is not iterable
INFO:httpx:HTTP Request: HEAD http://localhost:7860/ "HTTP/1.1 500 Internal Server Error"
ERROR:    Exception in ASGI application
Traceback (most recent call last):
  File "/tmp/lanedet_app_env_2Qg8fb/uvicorn/protocols/http/h11_impl.py", line 415, in run_asgi
    result = await app(  # type: ignore[func-returns-value]
  File "/tmp/lanedet_app_env_2Qg8fb/uvicorn/middleware/proxy_headers.py", line 56, in __call__
    return await self.app(scope, receive, send)
  File "/tmp/lanedet_app_env_2Qg8fb/fastapi/applications.py", line 1159, in __call__
    await super().__call__(scope, receive, send)
  File "/tmp/lanedet_app_env_2Qg8fb/starlette/applications.py", line 90, in __call__
    await self.middleware_stack(scope, receive, send)
  File "/tmp/lanedet_app_env_2Qg8fb/starlette/middleware/errors.py", line 186, in __call__
    raise exc
  File "/tmp/lanedet_app_env_2Qg8fb/starlette/middleware/errors.py", line 164, in __call__
    await self.app(scope, receive, _send)
  File "/tmp/lanedet_app_env_2Qg8fb/gradio/route_utils.py", line 761, in __call__
    await self.app(scope, receive, send)
  File "/tmp/lanedet_app_env_2Qg8fb/starlette/middleware/exceptions.py", line 63, in __call__
    await wrap_app_handling_exceptions(self.app, conn)(scope, receive, send)
  File "/tmp/lanedet_app_env_2Qg8fb/starlette/_exception_handler.py", line 53, in wrapped_app
    raise exc
  File "/tmp/lanedet_app_env_2Qg8fb/starlette/_exception_handler.py", line 42, in wrapped_app
    await app(scope, receive, sender)
  File "/tmp/lanedet_app_env_2Qg8fb/fastapi/middleware/asyncexitstack.py", line 18, in __call__
    await self.app(scope, receive, send)
  File "/tmp/lanedet_app_env_2Qg8fb/starlette/routing.py", line 660, in __call__
    await self.middleware_stack(scope, receive, send)
  File "/tmp/lanedet_app_env_2Qg8fb/starlette/routing.py", line 680, in app
    await route.handle(scope, receive, send)
  File "/tmp/lanedet_app_env_2Qg8fb/starlette/routing.py", line 276, in handle
    await self.app(scope, receive, send)
  File "/tmp/lanedet_app_env_2Qg8fb/fastapi/routing.py", line 134, in app
    await wrap_app_handling_exceptions(app, request)(scope, receive, send)
  File "/tmp/lanedet_app_env_2Qg8fb/starlette/_exception_handler.py", line 53, in wrapped_app
    raise exc
  File "/tmp/lanedet_app_env_2Qg8fb/starlette/_exception_handler.py", line 42, in wrapped_app
    await app(scope, receive, sender)
  File "/tmp/lanedet_app_env_2Qg8fb/fastapi/routing.py", line 120, in app
    response = await f(request)
  File "/tmp/lanedet_app_env_2Qg8fb/fastapi/routing.py", line 674, in app
    raw_response = await run_endpoint_function(
  File "/tmp/lanedet_app_env_2Qg8fb/fastapi/routing.py", line 330, in run_endpoint_function
    return await run_in_threadpool(dependant.call, **values)
  File "/tmp/lanedet_app_env_2Qg8fb/starlette/concurrency.py", line 32, in run_in_threadpool
    return await anyio.to_thread.run_sync(func)
  File "/tmp/lanedet_app_env_2Qg8fb/anyio/to_thread.py", line 63, in run_sync
    return await get_async_backend().run_sync_in_worker_thread(
  File "/tmp/lanedet_app_env_2Qg8fb/anyio/_backends/_asyncio.py", line 2518, in run_sync_in_worker_thread
    return await future
  File "/tmp/lanedet_app_env_2Qg8fb/anyio/_backends/_asyncio.py", line 1002, in run
    result = context.run(func, *args)
  File "/tmp/lanedet_app_env_2Qg8fb/gradio/routes.py", line 431, in main
    gradio_api_info = api_info(False)
  File "/tmp/lanedet_app_env_2Qg8fb/gradio/routes.py", line 460, in api_info
    app.api_info = app.get_blocks().get_api_info()
  File "/tmp/lanedet_app_env_2Qg8fb/gradio/blocks.py", line 2785, in get_api_info
    python_type = client_utils.json_schema_to_python_type(info)
  File "/tmp/lanedet_app_env_2Qg8fb/gradio_client/utils.py", line 893, in json_schema_to_python_type
    type_ = _json_schema_to_python_type(schema, schema.get("$defs"))
  File "/tmp/lanedet_app_env_2Qg8fb/gradio_client/utils.py", line 947, in _json_schema_to_python_type
    des = [
  File "/tmp/lanedet_app_env_2Qg8fb/gradio_client/utils.py", line 948, in <listcomp>
    f"{n}: {_json_schema_to_python_type(v, defs)}{get_desc(v)}"
  File "/tmp/lanedet_app_env_2Qg8fb/gradio_client/utils.py", line 955, in _json_schema_to_python_type
    f"str, {_json_schema_to_python_type(schema['additionalProperties'], defs)}"
  File "/tmp/lanedet_app_env_2Qg8fb/gradio_client/utils.py", line 901, in _json_schema_to_python_type
    type_ = get_type(schema)
  File "/tmp/lanedet_app_env_2Qg8fb/gradio_client/utils.py", line 863, in get_type
    if "const" in schema:
TypeError: argument of type 'bool' is not iterable
INFO:httpx:HTTP Request: GET https://api.gradio.app/pkg-version "HTTP/1.1 200 OK"
INFO:httpx:HTTP Request: HEAD http://localhost:7860/ "HTTP/1.1 500 Internal Server Error"
ERROR:    Exception in ASGI application
Traceback (most recent call last):
  File "/tmp/lanedet_app_env_2Qg8fb/uvicorn/protocols/http/h11_impl.py", line 415, in run_asgi
    result = await app(  # type: ignore[func-returns-value]
  File "/tmp/lanedet_app_env_2Qg8fb/uvicorn/middleware/proxy_headers.py", line 56, in __call__
    return await self.app(scope, receive, send)
  File "/tmp/lanedet_app_env_2Qg8fb/fastapi/applications.py", line 1159, in __call__
    await super().__call__(scope, receive, send)
  File "/tmp/lanedet_app_env_2Qg8fb/starlette/applications.py", line 90, in __call__
    await self.middleware_stack(scope, receive, send)
  File "/tmp/lanedet_app_env_2Qg8fb/starlette/middleware/errors.py", line 186, in __call__
    raise exc
  File "/tmp/lanedet_app_env_2Qg8fb/starlette/middleware/errors.py", line 164, in __call__
    await self.app(scope, receive, _send)
  File "/tmp/lanedet_app_env_2Qg8fb/gradio/route_utils.py", line 761, in __call__
    await self.app(scope, receive, send)
  File "/tmp/lanedet_app_env_2Qg8fb/starlette/middleware/exceptions.py", line 63, in __call__
    await wrap_app_handling_exceptions(self.app, conn)(scope, receive, send)
  File "/tmp/lanedet_app_env_2Qg8fb/starlette/_exception_handler.py", line 53, in wrapped_app
    raise exc
  File "/tmp/lanedet_app_env_2Qg8fb/starlette/_exception_handler.py", line 42, in wrapped_app
    await app(scope, receive, sender)
  File "/tmp/lanedet_app_env_2Qg8fb/fastapi/middleware/asyncexitstack.py", line 18, in __call__
    await self.app(scope, receive, send)
  File "/tmp/lanedet_app_env_2Qg8fb/starlette/routing.py", line 660, in __call__
    await self.middleware_stack(scope, receive, send)
  File "/tmp/lanedet_app_env_2Qg8fb/starlette/routing.py", line 680, in app
    await route.handle(scope, receive, send)
  File "/tmp/lanedet_app_env_2Qg8fb/starlette/routing.py", line 276, in handle
    await self.app(scope, receive, send)
  File "/tmp/lanedet_app_env_2Qg8fb/fastapi/routing.py", line 134, in app
    await wrap_app_handling_exceptions(app, request)(scope, receive, send)
  File "/tmp/lanedet_app_env_2Qg8fb/starlette/_exception_handler.py", line 53, in wrapped_app
    raise exc
  File "/tmp/lanedet_app_env_2Qg8fb/starlette/_exception_handler.py", line 42, in wrapped_app
    await app(scope, receive, sender)
  File "/tmp/lanedet_app_env_2Qg8fb/fastapi/routing.py", line 120, in app
    response = await f(request)
  File "/tmp/lanedet_app_env_2Qg8fb/fastapi/routing.py", line 674, in app
    raw_response = await run_endpoint_function(
  File "/tmp/lanedet_app_env_2Qg8fb/fastapi/routing.py", line 330, in run_endpoint_function
    return await run_in_threadpool(dependant.call, **values)
  File "/tmp/lanedet_app_env_2Qg8fb/starlette/concurrency.py", line 32, in run_in_threadpool
    return await anyio.to_thread.run_sync(func)
  File "/tmp/lanedet_app_env_2Qg8fb/anyio/to_thread.py", line 63, in run_sync
    return await get_async_backend().run_sync_in_worker_thread(
  File "/tmp/lanedet_app_env_2Qg8fb/anyio/_backends/_asyncio.py", line 2518, in run_sync_in_worker_thread
    return await future
  File "/tmp/lanedet_app_env_2Qg8fb/anyio/_backends/_asyncio.py", line 1002, in run
    result = context.run(func, *args)
  File "/tmp/lanedet_app_env_2Qg8fb/gradio/routes.py", line 431, in main
    gradio_api_info = api_info(False)
  File "/tmp/lanedet_app_env_2Qg8fb/gradio/routes.py", line 460, in api_info
    app.api_info = app.get_blocks().get_api_info()
  File "/tmp/lanedet_app_env_2Qg8fb/gradio/blocks.py", line 2785, in get_api_info
    python_type = client_utils.json_schema_to_python_type(info)
  File "/tmp/lanedet_app_env_2Qg8fb/gradio_client/utils.py", line 893, in json_schema_to_python_type
    type_ = _json_schema_to_python_type(schema, schema.get("$defs"))
  File "/tmp/lanedet_app_env_2Qg8fb/gradio_client/utils.py", line 947, in _json_schema_to_python_type
    des = [
  File "/tmp/lanedet_app_env_2Qg8fb/gradio_client/utils.py", line 948, in <listcomp>
    f"{n}: {_json_schema_to_python_type(v, defs)}{get_desc(v)}"
  File "/tmp/lanedet_app_env_2Qg8fb/gradio_client/utils.py", line 955, in _json_schema_to_python_type
    f"str, {_json_schema_to_python_type(schema['additionalProperties'], defs)}"
  File "/tmp/lanedet_app_env_2Qg8fb/gradio_client/utils.py", line 901, in _json_schema_to_python_type
    type_ = get_type(schema)
  File "/tmp/lanedet_app_env_2Qg8fb/gradio_client/utils.py", line 863, in get_type
    if "const" in schema:
TypeError: argument of type 'bool' is not iterable
INFO:httpx:HTTP Request: HEAD http://localhost:7860/ "HTTP/1.1 500 Internal Server Error"
ERROR:    Exception in ASGI application
Traceback (most recent call last):
  File "/tmp/lanedet_app_env_2Qg8fb/uvicorn/protocols/http/h11_impl.py", line 415, in run_asgi
    result = await app(  # type: ignore[func-returns-value]
  File "/tmp/lanedet_app_env_2Qg8fb/uvicorn/middleware/proxy_headers.py", line 56, in __call__
    return await self.app(scope, receive, send)
  File "/tmp/lanedet_app_env_2Qg8fb/fastapi/applications.py", line 1159, in __call__
    await super().__call__(scope, receive, send)
  File "/tmp/lanedet_app_env_2Qg8fb/starlette/applications.py", line 90, in __call__
    await self.middleware_stack(scope, receive, send)
  File "/tmp/lanedet_app_env_2Qg8fb/starlette/middleware/errors.py", line 186, in __call__
    raise exc
  File "/tmp/lanedet_app_env_2Qg8fb/starlette/middleware/errors.py", line 164, in __call__
    await self.app(scope, receive, _send)
  File "/tmp/lanedet_app_env_2Qg8fb/gradio/route_utils.py", line 761, in __call__
    await self.app(scope, receive, send)
  File "/tmp/lanedet_app_env_2Qg8fb/starlette/middleware/exceptions.py", line 63, in __call__
    await wrap_app_handling_exceptions(self.app, conn)(scope, receive, send)
  File "/tmp/lanedet_app_env_2Qg8fb/starlette/_exception_handler.py", line 53, in wrapped_app
    raise exc
  File "/tmp/lanedet_app_env_2Qg8fb/starlette/_exception_handler.py", line 42, in wrapped_app
    await app(scope, receive, sender)
  File "/tmp/lanedet_app_env_2Qg8fb/fastapi/middleware/asyncexitstack.py", line 18, in __call__
    await self.app(scope, receive, send)
  File "/tmp/lanedet_app_env_2Qg8fb/starlette/routing.py", line 660, in __call__
    await self.middleware_stack(scope, receive, send)
  File "/tmp/lanedet_app_env_2Qg8fb/starlette/routing.py", line 680, in app
    await route.handle(scope, receive, send)
  File "/tmp/lanedet_app_env_2Qg8fb/starlette/routing.py", line 276, in handle
    await self.app(scope, receive, send)
  File "/tmp/lanedet_app_env_2Qg8fb/fastapi/routing.py", line 134, in app
    await wrap_app_handling_exceptions(app, request)(scope, receive, send)
  File "/tmp/lanedet_app_env_2Qg8fb/starlette/_exception_handler.py", line 53, in wrapped_app
    raise exc
  File "/tmp/lanedet_app_env_2Qg8fb/starlette/_exception_handler.py", line 42, in wrapped_app
    await app(scope, receive, sender)
  File "/tmp/lanedet_app_env_2Qg8fb/fastapi/routing.py", line 120, in app
    response = await f(request)
  File "/tmp/lanedet_app_env_2Qg8fb/fastapi/routing.py", line 674, in app
    raw_response = await run_endpoint_function(
  File "/tmp/lanedet_app_env_2Qg8fb/fastapi/routing.py", line 330, in run_endpoint_function
    return await run_in_threadpool(dependant.call, **values)
  File "/tmp/lanedet_app_env_2Qg8fb/starlette/concurrency.py", line 32, in run_in_threadpool
    return await anyio.to_thread.run_sync(func)
  File "/tmp/lanedet_app_env_2Qg8fb/anyio/to_thread.py", line 63, in run_sync
    return await get_async_backend().run_sync_in_worker_thread(
  File "/tmp/lanedet_app_env_2Qg8fb/anyio/_backends/_asyncio.py", line 2518, in run_sync_in_worker_thread
    return await future
  File "/tmp/lanedet_app_env_2Qg8fb/anyio/_backends/_asyncio.py", line 1002, in run
    result = context.run(func, *args)
  File "/tmp/lanedet_app_env_2Qg8fb/gradio/routes.py", line 431, in main
    gradio_api_info = api_info(False)
  File "/tmp/lanedet_app_env_2Qg8fb/gradio/routes.py", line 460, in api_info
    app.api_info = app.get_blocks().get_api_info()
  File "/tmp/lanedet_app_env_2Qg8fb/gradio/blocks.py", line 2785, in get_api_info
    python_type = client_utils.json_schema_to_python_type(info)
  File "/tmp/lanedet_app_env_2Qg8fb/gradio_client/utils.py", line 893, in json_schema_to_python_type
    type_ = _json_schema_to_python_type(schema, schema.get("$defs"))
  File "/tmp/lanedet_app_env_2Qg8fb/gradio_client/utils.py", line 947, in _json_schema_to_python_type
    des = [
  File "/tmp/lanedet_app_env_2Qg8fb/gradio_client/utils.py", line 948, in <listcomp>
    f"{n}: {_json_schema_to_python_type(v, defs)}{get_desc(v)}"
  File "/tmp/lanedet_app_env_2Qg8fb/gradio_client/utils.py", line 955, in _json_schema_to_python_type
    f"str, {_json_schema_to_python_type(schema['additionalProperties'], defs)}"
  File "/tmp/lanedet_app_env_2Qg8fb/gradio_client/utils.py", line 901, in _json_schema_to_python_type
    type_ = get_type(schema)
  File "/tmp/lanedet_app_env_2Qg8fb/gradio_client/utils.py", line 863, in get_type
    if "const" in schema:
TypeError: argument of type 'bool' is not iterable
INFO:httpx:HTTP Request: HEAD http://localhost:7860/ "HTTP/1.1 500 Internal Server Error"
ERROR:    Exception in ASGI application
Traceback (most recent call last):
  File "/tmp/lanedet_app_env_2Qg8fb/uvicorn/protocols/http/h11_impl.py", line 415, in run_asgi
    result = await app(  # type: ignore[func-returns-value]
  File "/tmp/lanedet_app_env_2Qg8fb/uvicorn/middleware/proxy_headers.py", line 56, in __call__
    return await self.app(scope, receive, send)
  File "/tmp/lanedet_app_env_2Qg8fb/fastapi/applications.py", line 1159, in __call__
    await super().__call__(scope, receive, send)
  File "/tmp/lanedet_app_env_2Qg8fb/starlette/applications.py", line 90, in __call__
    await self.middleware_stack(scope, receive, send)
  File "/tmp/lanedet_app_env_2Qg8fb/starlette/middleware/errors.py", line 186, in __call__
    raise exc
  File "/tmp/lanedet_app_env_2Qg8fb/starlette/middleware/errors.py", line 164, in __call__
    await self.app(scope, receive, _send)
  File "/tmp/lanedet_app_env_2Qg8fb/gradio/route_utils.py", line 761, in __call__
    await self.app(scope, receive, send)
  File "/tmp/lanedet_app_env_2Qg8fb/starlette/middleware/exceptions.py", line 63, in __call__
    await wrap_app_handling_exceptions(self.app, conn)(scope, receive, send)
  File "/tmp/lanedet_app_env_2Qg8fb/starlette/_exception_handler.py", line 53, in wrapped_app
    raise exc
  File "/tmp/lanedet_app_env_2Qg8fb/starlette/_exception_handler.py", line 42, in wrapped_app
    await app(scope, receive, sender)
  File "/tmp/lanedet_app_env_2Qg8fb/fastapi/middleware/asyncexitstack.py", line 18, in __call__
    await self.app(scope, receive, send)
  File "/tmp/lanedet_app_env_2Qg8fb/starlette/routing.py", line 660, in __call__
    await self.middleware_stack(scope, receive, send)
  File "/tmp/lanedet_app_env_2Qg8fb/starlette/routing.py", line 680, in app
    await route.handle(scope, receive, send)
  File "/tmp/lanedet_app_env_2Qg8fb/starlette/routing.py", line 276, in handle
    await self.app(scope, receive, send)
  File "/tmp/lanedet_app_env_2Qg8fb/fastapi/routing.py", line 134, in app
    await wrap_app_handling_exceptions(app, request)(scope, receive, send)
  File "/tmp/lanedet_app_env_2Qg8fb/starlette/_exception_handler.py", line 53, in wrapped_app
    raise exc
  File "/tmp/lanedet_app_env_2Qg8fb/starlette/_exception_handler.py", line 42, in wrapped_app
    await app(scope, receive, sender)
  File "/tmp/lanedet_app_env_2Qg8fb/fastapi/routing.py", line 120, in app
    response = await f(request)
  File "/tmp/lanedet_app_env_2Qg8fb/fastapi/routing.py", line 674, in app
    raw_response = await run_endpoint_function(
  File "/tmp/lanedet_app_env_2Qg8fb/fastapi/routing.py", line 330, in run_endpoint_function
    return await run_in_threadpool(dependant.call, **values)
  File "/tmp/lanedet_app_env_2Qg8fb/starlette/concurrency.py", line 32, in run_in_threadpool
    return await anyio.to_thread.run_sync(func)
  File "/tmp/lanedet_app_env_2Qg8fb/anyio/to_thread.py", line 63, in run_sync
    return await get_async_backend().run_sync_in_worker_thread(
  File "/tmp/lanedet_app_env_2Qg8fb/anyio/_backends/_asyncio.py", line 2518, in run_sync_in_worker_thread
    return await future
  File "/tmp/lanedet_app_env_2Qg8fb/anyio/_backends/_asyncio.py", line 1002, in run
    result = context.run(func, *args)
  File "/tmp/lanedet_app_env_2Qg8fb/gradio/routes.py", line 431, in main
    gradio_api_info = api_info(False)
  File "/tmp/lanedet_app_env_2Qg8fb/gradio/routes.py", line 460, in api_info
    app.api_info = app.get_blocks().get_api_info()
  File "/tmp/lanedet_app_env_2Qg8fb/gradio/blocks.py", line 2785, in get_api_info
    python_type = client_utils.json_schema_to_python_type(info)
  File "/tmp/lanedet_app_env_2Qg8fb/gradio_client/utils.py", line 893, in json_schema_to_python_type
    type_ = _json_schema_to_python_type(schema, schema.get("$defs"))
  File "/tmp/lanedet_app_env_2Qg8fb/gradio_client/utils.py", line 947, in _json_schema_to_python_type
    des = [
  File "/tmp/lanedet_app_env_2Qg8fb/gradio_client/utils.py", line 948, in <listcomp>
    f"{n}: {_json_schema_to_python_type(v, defs)}{get_desc(v)}"
  File "/tmp/lanedet_app_env_2Qg8fb/gradio_client/utils.py", line 955, in _json_schema_to_python_type
    f"str, {_json_schema_to_python_type(schema['additionalProperties'], defs)}"
  File "/tmp/lanedet_app_env_2Qg8fb/gradio_client/utils.py", line 901, in _json_schema_to_python_type
    type_ = get_type(schema)
  File "/tmp/lanedet_app_env_2Qg8fb/gradio_client/utils.py", line 863, in get_type
    if "const" in schema:
TypeError: argument of type 'bool' is not iterable
INFO:httpx:HTTP Request: GET https://api.gradio.app/v2/tunnel-request "HTTP/1.1 200 OK"
INFO:httpx:HTTP Request: GET https://cdn-media.huggingface.co/frpc-gradio-0.2/frpc_linux_amd64 "HTTP/1.1 200 OK"
