+ cd /home/atml_team066/Lane_detection
++ mktemp -d /tmp/lanedet_app_env_XXXXXX
+ export JOB_ENV=/tmp/lanedet_app_env_xfs9wk
+ JOB_ENV=/tmp/lanedet_app_env_xfs9wk
+ export PYTHONPATH=/tmp/lanedet_app_env_xfs9wk:
+ PYTHONPATH=/tmp/lanedet_app_env_xfs9wk:
+ export PATH=/tmp/lanedet_app_env_xfs9wk/bin:/usr/local/nvidia/bin:/usr/local/cuda/bin:/opt/conda/bin:/usr/local/nvidia/bin:/usr/local/cuda/bin:/usr/local/sbin:/usr/local/bin:/usr/sbin:/usr/bin:/sbin:/bin
+ PATH=/tmp/lanedet_app_env_xfs9wk/bin:/usr/local/nvidia/bin:/usr/local/cuda/bin:/opt/conda/bin:/usr/local/nvidia/bin:/usr/local/cuda/bin:/usr/local/sbin:/usr/local/bin:/usr/sbin:/usr/bin:/sbin:/bin
+ python -m pip install --no-cache-dir --target /tmp/lanedet_app_env_xfs9wk numpy==1.26.4 opencv-python-headless==4.10.0.84 albumentations==1.4.8 albucore==0.0.9 gradio==4.44.1 matplotlib tqdm
WARNING: Ignoring invalid distribution - (/home/atml_team066/.local/lib/python3.10/site-packages)
WARNING: Ignoring invalid distribution - (/home/atml_team066/.local/lib/python3.10/site-packages)
ERROR: pip's dependency resolver does not currently take into account all the packages that are installed. This behaviour is the source of the following dependency conflicts.
hf-gradio 0.4.1 requires gradio-client<3.0,>=2.0, but you have gradio-client 1.3.0 which is incompatible.
WARNING: Ignoring invalid distribution - (/home/atml_team066/.local/lib/python3.10/site-packages)
WARNING: Ignoring invalid distribution - (/home/atml_team066/.local/lib/python3.10/site-packages)
WARNING: Ignoring invalid distribution - (/home/atml_team066/.local/lib/python3.10/site-packages)
+ python app/gradio_app.py
Traceback (most recent call last):
  File "/home/atml_team066/Lane_detection/app/gradio_app.py", line 5, in <module>
    import gradio as gr
  File "/tmp/lanedet_app_env_xfs9wk/gradio/__init__.py", line 3, in <module>
    import gradio._simple_templates
  File "/tmp/lanedet_app_env_xfs9wk/gradio/_simple_templates/__init__.py", line 1, in <module>
    from .simpledropdown import SimpleDropdown
  File "/tmp/lanedet_app_env_xfs9wk/gradio/_simple_templates/simpledropdown.py", line 6, in <module>
    from gradio.components.base import Component, FormComponent
  File "/tmp/lanedet_app_env_xfs9wk/gradio/components/__init__.py", line 1, in <module>
    from gradio.components.annotated_image import AnnotatedImage
  File "/tmp/lanedet_app_env_xfs9wk/gradio/components/annotated_image.py", line 14, in <module>
    from gradio.components.base import Component
  File "/tmp/lanedet_app_env_xfs9wk/gradio/components/base.py", line 20, in <module>
    from gradio.blocks import Block, BlockContext
  File "/tmp/lanedet_app_env_xfs9wk/gradio/blocks.py", line 39, in <module>
    from gradio import (
  File "/tmp/lanedet_app_env_xfs9wk/gradio/networking.py", line 15, in <module>
    from gradio.routes import App  # HACK: to avoid circular import # noqa: F401
  File "/tmp/lanedet_app_env_xfs9wk/gradio/routes.py", line 69, in <module>
    from gradio import ranged_response, route_utils, utils, wasm_utils
  File "/tmp/lanedet_app_env_xfs9wk/gradio/route_utils.py", line 53, in <module>
    from gradio.helpers import EventData
  File "/tmp/lanedet_app_env_xfs9wk/gradio/helpers.py", line 26, in <module>
    from gradio import components, oauth, processing_utils, routes, utils, wasm_utils
  File "/tmp/lanedet_app_env_xfs9wk/gradio/oauth.py", line 13, in <module>
    from huggingface_hub import HfFolder, whoami
ImportError: cannot import name 'HfFolder' from 'huggingface_hub' (/tmp/lanedet_app_env_xfs9wk/huggingface_hub/__init__.py)
