+ cd /home/atml_team066/Lane_detection
+ export PYTHONNOUSERSITE=1
+ PYTHONNOUSERSITE=1
++ mktemp -d /tmp/lanedet_app_env_XXXXXX
+ export JOB_ENV=/tmp/lanedet_app_env_pJ2uUX
+ JOB_ENV=/tmp/lanedet_app_env_pJ2uUX
+ export PYTHONPATH=/tmp/lanedet_app_env_pJ2uUX:
+ PYTHONPATH=/tmp/lanedet_app_env_pJ2uUX:
+ export PATH=/tmp/lanedet_app_env_pJ2uUX/bin:/usr/local/nvidia/bin:/usr/local/cuda/bin:/opt/conda/bin:/usr/local/nvidia/bin:/usr/local/cuda/bin:/usr/local/sbin:/usr/local/bin:/usr/sbin:/usr/bin:/sbin:/bin
+ PATH=/tmp/lanedet_app_env_pJ2uUX/bin:/usr/local/nvidia/bin:/usr/local/cuda/bin:/opt/conda/bin:/usr/local/nvidia/bin:/usr/local/cuda/bin:/usr/local/sbin:/usr/local/bin:/usr/sbin:/usr/bin:/sbin:/bin
+ python -m pip install --no-cache-dir --target /tmp/lanedet_app_env_pJ2uUX numpy==1.26.4 opencv-python-headless==4.10.0.84 albumentations==1.4.8 albucore==0.0.9 gradio==3.50.2 huggingface_hub==0.25.2 matplotlib tqdm
+ python app/gradio_app.py
INFO:albumentations.check_version:A new version of Albumentations is available: 2.0.8 (you have 1.4.8). Upgrade using: pip install --upgrade albumentations
ERROR:    Exception in ASGI application
Traceback (most recent call last):
  File "/tmp/lanedet_app_env_pJ2uUX/uvicorn/protocols/http/h11_impl.py", line 415, in run_asgi
    result = await app(  # type: ignore[func-returns-value]
  File "/tmp/lanedet_app_env_pJ2uUX/uvicorn/middleware/proxy_headers.py", line 56, in __call__
    return await self.app(scope, receive, send)
  File "/tmp/lanedet_app_env_pJ2uUX/fastapi/applications.py", line 1159, in __call__
    await super().__call__(scope, receive, send)
  File "/tmp/lanedet_app_env_pJ2uUX/starlette/applications.py", line 90, in __call__
    await self.middleware_stack(scope, receive, send)
  File "/tmp/lanedet_app_env_pJ2uUX/starlette/middleware/errors.py", line 186, in __call__
    raise exc
  File "/tmp/lanedet_app_env_pJ2uUX/starlette/middleware/errors.py", line 164, in __call__
    await self.app(scope, receive, _send)
  File "/tmp/lanedet_app_env_pJ2uUX/starlette/middleware/cors.py", line 88, in __call__
    await self.app(scope, receive, send)
  File "/tmp/lanedet_app_env_pJ2uUX/starlette/middleware/exceptions.py", line 63, in __call__
    await wrap_app_handling_exceptions(self.app, conn)(scope, receive, send)
  File "/tmp/lanedet_app_env_pJ2uUX/starlette/_exception_handler.py", line 53, in wrapped_app
    raise exc
  File "/tmp/lanedet_app_env_pJ2uUX/starlette/_exception_handler.py", line 42, in wrapped_app
    await app(scope, receive, sender)
  File "/tmp/lanedet_app_env_pJ2uUX/fastapi/middleware/asyncexitstack.py", line 18, in __call__
    await self.app(scope, receive, send)
  File "/tmp/lanedet_app_env_pJ2uUX/starlette/routing.py", line 660, in __call__
    await self.middleware_stack(scope, receive, send)
  File "/tmp/lanedet_app_env_pJ2uUX/starlette/routing.py", line 680, in app
    await route.handle(scope, receive, send)
  File "/tmp/lanedet_app_env_pJ2uUX/starlette/routing.py", line 276, in handle
    await self.app(scope, receive, send)
  File "/tmp/lanedet_app_env_pJ2uUX/fastapi/routing.py", line 134, in app
    await wrap_app_handling_exceptions(app, request)(scope, receive, send)
  File "/tmp/lanedet_app_env_pJ2uUX/starlette/_exception_handler.py", line 53, in wrapped_app
    raise exc
  File "/tmp/lanedet_app_env_pJ2uUX/starlette/_exception_handler.py", line 42, in wrapped_app
    await app(scope, receive, sender)
  File "/tmp/lanedet_app_env_pJ2uUX/fastapi/routing.py", line 120, in app
    response = await f(request)
  File "/tmp/lanedet_app_env_pJ2uUX/fastapi/routing.py", line 674, in app
    raw_response = await run_endpoint_function(
  File "/tmp/lanedet_app_env_pJ2uUX/fastapi/routing.py", line 330, in run_endpoint_function
    return await run_in_threadpool(dependant.call, **values)
  File "/tmp/lanedet_app_env_pJ2uUX/starlette/concurrency.py", line 32, in run_in_threadpool
    return await anyio.to_thread.run_sync(func)
  File "/tmp/lanedet_app_env_pJ2uUX/anyio/to_thread.py", line 63, in run_sync
    return await get_async_backend().run_sync_in_worker_thread(
  File "/tmp/lanedet_app_env_pJ2uUX/anyio/_backends/_asyncio.py", line 2518, in run_sync_in_worker_thread
    return await future
  File "/tmp/lanedet_app_env_pJ2uUX/anyio/_backends/_asyncio.py", line 1002, in run
    result = context.run(func, *args)
  File "/tmp/lanedet_app_env_pJ2uUX/gradio/routes.py", line 335, in main
    return templates.TemplateResponse(
  File "/tmp/lanedet_app_env_pJ2uUX/starlette/templating.py", line 148, in TemplateResponse
    template = self.get_template(name)
  File "/tmp/lanedet_app_env_pJ2uUX/starlette/templating.py", line 115, in get_template
    return self.env.get_template(name)
  File "/tmp/lanedet_app_env_pJ2uUX/jinja2/environment.py", line 1016, in get_template
    return self._load_template(name, globals)
  File "/tmp/lanedet_app_env_pJ2uUX/jinja2/environment.py", line 964, in _load_template
    template = self.cache.get(cache_key)
  File "/tmp/lanedet_app_env_pJ2uUX/jinja2/utils.py", line 477, in get
    return self[key]
  File "/tmp/lanedet_app_env_pJ2uUX/jinja2/utils.py", line 515, in __getitem__
    rv = self._mapping[key]
TypeError: unhashable type: 'dict'
ERROR:    Exception in ASGI application
Traceback (most recent call last):
  File "/tmp/lanedet_app_env_pJ2uUX/uvicorn/protocols/http/h11_impl.py", line 415, in run_asgi
    result = await app(  # type: ignore[func-returns-value]
  File "/tmp/lanedet_app_env_pJ2uUX/uvicorn/middleware/proxy_headers.py", line 56, in __call__
    return await self.app(scope, receive, send)
  File "/tmp/lanedet_app_env_pJ2uUX/fastapi/applications.py", line 1159, in __call__
    await super().__call__(scope, receive, send)
  File "/tmp/lanedet_app_env_pJ2uUX/starlette/applications.py", line 90, in __call__
    await self.middleware_stack(scope, receive, send)
  File "/tmp/lanedet_app_env_pJ2uUX/starlette/middleware/errors.py", line 186, in __call__
    raise exc
  File "/tmp/lanedet_app_env_pJ2uUX/starlette/middleware/errors.py", line 164, in __call__
    await self.app(scope, receive, _send)
  File "/tmp/lanedet_app_env_pJ2uUX/starlette/middleware/cors.py", line 88, in __call__
    await self.app(scope, receive, send)
  File "/tmp/lanedet_app_env_pJ2uUX/starlette/middleware/exceptions.py", line 63, in __call__
    await wrap_app_handling_exceptions(self.app, conn)(scope, receive, send)
  File "/tmp/lanedet_app_env_pJ2uUX/starlette/_exception_handler.py", line 53, in wrapped_app
    raise exc
  File "/tmp/lanedet_app_env_pJ2uUX/starlette/_exception_handler.py", line 42, in wrapped_app
    await app(scope, receive, sender)
  File "/tmp/lanedet_app_env_pJ2uUX/fastapi/middleware/asyncexitstack.py", line 18, in __call__
    await self.app(scope, receive, send)
  File "/tmp/lanedet_app_env_pJ2uUX/starlette/routing.py", line 660, in __call__
    await self.middleware_stack(scope, receive, send)
  File "/tmp/lanedet_app_env_pJ2uUX/starlette/routing.py", line 680, in app
    await route.handle(scope, receive, send)
  File "/tmp/lanedet_app_env_pJ2uUX/starlette/routing.py", line 276, in handle
    await self.app(scope, receive, send)
  File "/tmp/lanedet_app_env_pJ2uUX/fastapi/routing.py", line 134, in app
    await wrap_app_handling_exceptions(app, request)(scope, receive, send)
  File "/tmp/lanedet_app_env_pJ2uUX/starlette/_exception_handler.py", line 53, in wrapped_app
    raise exc
  File "/tmp/lanedet_app_env_pJ2uUX/starlette/_exception_handler.py", line 42, in wrapped_app
    await app(scope, receive, sender)
  File "/tmp/lanedet_app_env_pJ2uUX/fastapi/routing.py", line 120, in app
    response = await f(request)
  File "/tmp/lanedet_app_env_pJ2uUX/fastapi/routing.py", line 674, in app
    raw_response = await run_endpoint_function(
  File "/tmp/lanedet_app_env_pJ2uUX/fastapi/routing.py", line 330, in run_endpoint_function
    return await run_in_threadpool(dependant.call, **values)
  File "/tmp/lanedet_app_env_pJ2uUX/starlette/concurrency.py", line 32, in run_in_threadpool
    return await anyio.to_thread.run_sync(func)
  File "/tmp/lanedet_app_env_pJ2uUX/anyio/to_thread.py", line 63, in run_sync
    return await get_async_backend().run_sync_in_worker_thread(
  File "/tmp/lanedet_app_env_pJ2uUX/anyio/_backends/_asyncio.py", line 2518, in run_sync_in_worker_thread
    return await future
  File "/tmp/lanedet_app_env_pJ2uUX/anyio/_backends/_asyncio.py", line 1002, in run
    result = context.run(func, *args)
  File "/tmp/lanedet_app_env_pJ2uUX/gradio/routes.py", line 335, in main
    return templates.TemplateResponse(
  File "/tmp/lanedet_app_env_pJ2uUX/starlette/templating.py", line 148, in TemplateResponse
    template = self.get_template(name)
  File "/tmp/lanedet_app_env_pJ2uUX/starlette/templating.py", line 115, in get_template
    return self.env.get_template(name)
  File "/tmp/lanedet_app_env_pJ2uUX/jinja2/environment.py", line 1016, in get_template
    return self._load_template(name, globals)
  File "/tmp/lanedet_app_env_pJ2uUX/jinja2/environment.py", line 964, in _load_template
    template = self.cache.get(cache_key)
  File "/tmp/lanedet_app_env_pJ2uUX/jinja2/utils.py", line 477, in get
    return self[key]
  File "/tmp/lanedet_app_env_pJ2uUX/jinja2/utils.py", line 515, in __getitem__
    rv = self._mapping[key]
TypeError: unhashable type: 'dict'
ERROR:    Exception in ASGI application
Traceback (most recent call last):
  File "/tmp/lanedet_app_env_pJ2uUX/uvicorn/protocols/http/h11_impl.py", line 415, in run_asgi
    result = await app(  # type: ignore[func-returns-value]
  File "/tmp/lanedet_app_env_pJ2uUX/uvicorn/middleware/proxy_headers.py", line 56, in __call__
    return await self.app(scope, receive, send)
  File "/tmp/lanedet_app_env_pJ2uUX/fastapi/applications.py", line 1159, in __call__
    await super().__call__(scope, receive, send)
  File "/tmp/lanedet_app_env_pJ2uUX/starlette/applications.py", line 90, in __call__
    await self.middleware_stack(scope, receive, send)
  File "/tmp/lanedet_app_env_pJ2uUX/starlette/middleware/errors.py", line 186, in __call__
    raise exc
  File "/tmp/lanedet_app_env_pJ2uUX/starlette/middleware/errors.py", line 164, in __call__
    await self.app(scope, receive, _send)
  File "/tmp/lanedet_app_env_pJ2uUX/starlette/middleware/cors.py", line 88, in __call__
    await self.app(scope, receive, send)
  File "/tmp/lanedet_app_env_pJ2uUX/starlette/middleware/exceptions.py", line 63, in __call__
    await wrap_app_handling_exceptions(self.app, conn)(scope, receive, send)
  File "/tmp/lanedet_app_env_pJ2uUX/starlette/_exception_handler.py", line 53, in wrapped_app
    raise exc
  File "/tmp/lanedet_app_env_pJ2uUX/starlette/_exception_handler.py", line 42, in wrapped_app
    await app(scope, receive, sender)
  File "/tmp/lanedet_app_env_pJ2uUX/fastapi/middleware/asyncexitstack.py", line 18, in __call__
    await self.app(scope, receive, send)
  File "/tmp/lanedet_app_env_pJ2uUX/starlette/routing.py", line 660, in __call__
    await self.middleware_stack(scope, receive, send)
  File "/tmp/lanedet_app_env_pJ2uUX/starlette/routing.py", line 680, in app
    await route.handle(scope, receive, send)
  File "/tmp/lanedet_app_env_pJ2uUX/starlette/routing.py", line 276, in handle
    await self.app(scope, receive, send)
  File "/tmp/lanedet_app_env_pJ2uUX/fastapi/routing.py", line 134, in app
    await wrap_app_handling_exceptions(app, request)(scope, receive, send)
  File "/tmp/lanedet_app_env_pJ2uUX/starlette/_exception_handler.py", line 53, in wrapped_app
    raise exc
  File "/tmp/lanedet_app_env_pJ2uUX/starlette/_exception_handler.py", line 42, in wrapped_app
    await app(scope, receive, sender)
  File "/tmp/lanedet_app_env_pJ2uUX/fastapi/routing.py", line 120, in app
    response = await f(request)
  File "/tmp/lanedet_app_env_pJ2uUX/fastapi/routing.py", line 674, in app
    raw_response = await run_endpoint_function(
  File "/tmp/lanedet_app_env_pJ2uUX/fastapi/routing.py", line 330, in run_endpoint_function
    return await run_in_threadpool(dependant.call, **values)
  File "/tmp/lanedet_app_env_pJ2uUX/starlette/concurrency.py", line 32, in run_in_threadpool
    return await anyio.to_thread.run_sync(func)
  File "/tmp/lanedet_app_env_pJ2uUX/anyio/to_thread.py", line 63, in run_sync
    return await get_async_backend().run_sync_in_worker_thread(
  File "/tmp/lanedet_app_env_pJ2uUX/anyio/_backends/_asyncio.py", line 2518, in run_sync_in_worker_thread
    return await future
  File "/tmp/lanedet_app_env_pJ2uUX/anyio/_backends/_asyncio.py", line 1002, in run
    result = context.run(func, *args)
  File "/tmp/lanedet_app_env_pJ2uUX/gradio/routes.py", line 335, in main
    return templates.TemplateResponse(
  File "/tmp/lanedet_app_env_pJ2uUX/starlette/templating.py", line 148, in TemplateResponse
    template = self.get_template(name)
  File "/tmp/lanedet_app_env_pJ2uUX/starlette/templating.py", line 115, in get_template
    return self.env.get_template(name)
  File "/tmp/lanedet_app_env_pJ2uUX/jinja2/environment.py", line 1016, in get_template
    return self._load_template(name, globals)
  File "/tmp/lanedet_app_env_pJ2uUX/jinja2/environment.py", line 964, in _load_template
    template = self.cache.get(cache_key)
  File "/tmp/lanedet_app_env_pJ2uUX/jinja2/utils.py", line 477, in get
    return self[key]
  File "/tmp/lanedet_app_env_pJ2uUX/jinja2/utils.py", line 515, in __getitem__
    rv = self._mapping[key]
TypeError: unhashable type: 'dict'
ERROR:    Exception in ASGI application
Traceback (most recent call last):
  File "/tmp/lanedet_app_env_pJ2uUX/uvicorn/protocols/http/h11_impl.py", line 415, in run_asgi
    result = await app(  # type: ignore[func-returns-value]
  File "/tmp/lanedet_app_env_pJ2uUX/uvicorn/middleware/proxy_headers.py", line 56, in __call__
    return await self.app(scope, receive, send)
  File "/tmp/lanedet_app_env_pJ2uUX/fastapi/applications.py", line 1159, in __call__
    await super().__call__(scope, receive, send)
  File "/tmp/lanedet_app_env_pJ2uUX/starlette/applications.py", line 90, in __call__
    await self.middleware_stack(scope, receive, send)
  File "/tmp/lanedet_app_env_pJ2uUX/starlette/middleware/errors.py", line 186, in __call__
    raise exc
  File "/tmp/lanedet_app_env_pJ2uUX/starlette/middleware/errors.py", line 164, in __call__
    await self.app(scope, receive, _send)
  File "/tmp/lanedet_app_env_pJ2uUX/starlette/middleware/cors.py", line 88, in __call__
    await self.app(scope, receive, send)
  File "/tmp/lanedet_app_env_pJ2uUX/starlette/middleware/exceptions.py", line 63, in __call__
    await wrap_app_handling_exceptions(self.app, conn)(scope, receive, send)
  File "/tmp/lanedet_app_env_pJ2uUX/starlette/_exception_handler.py", line 53, in wrapped_app
    raise exc
  File "/tmp/lanedet_app_env_pJ2uUX/starlette/_exception_handler.py", line 42, in wrapped_app
    await app(scope, receive, sender)
  File "/tmp/lanedet_app_env_pJ2uUX/fastapi/middleware/asyncexitstack.py", line 18, in __call__
    await self.app(scope, receive, send)
  File "/tmp/lanedet_app_env_pJ2uUX/starlette/routing.py", line 660, in __call__
    await self.middleware_stack(scope, receive, send)
  File "/tmp/lanedet_app_env_pJ2uUX/starlette/routing.py", line 680, in app
    await route.handle(scope, receive, send)
  File "/tmp/lanedet_app_env_pJ2uUX/starlette/routing.py", line 276, in handle
    await self.app(scope, receive, send)
  File "/tmp/lanedet_app_env_pJ2uUX/fastapi/routing.py", line 134, in app
    await wrap_app_handling_exceptions(app, request)(scope, receive, send)
  File "/tmp/lanedet_app_env_pJ2uUX/starlette/_exception_handler.py", line 53, in wrapped_app
    raise exc
  File "/tmp/lanedet_app_env_pJ2uUX/starlette/_exception_handler.py", line 42, in wrapped_app
    await app(scope, receive, sender)
  File "/tmp/lanedet_app_env_pJ2uUX/fastapi/routing.py", line 120, in app
    response = await f(request)
  File "/tmp/lanedet_app_env_pJ2uUX/fastapi/routing.py", line 674, in app
    raw_response = await run_endpoint_function(
  File "/tmp/lanedet_app_env_pJ2uUX/fastapi/routing.py", line 330, in run_endpoint_function
    return await run_in_threadpool(dependant.call, **values)
  File "/tmp/lanedet_app_env_pJ2uUX/starlette/concurrency.py", line 32, in run_in_threadpool
    return await anyio.to_thread.run_sync(func)
  File "/tmp/lanedet_app_env_pJ2uUX/anyio/to_thread.py", line 63, in run_sync
    return await get_async_backend().run_sync_in_worker_thread(
  File "/tmp/lanedet_app_env_pJ2uUX/anyio/_backends/_asyncio.py", line 2518, in run_sync_in_worker_thread
    return await future
  File "/tmp/lanedet_app_env_pJ2uUX/anyio/_backends/_asyncio.py", line 1002, in run
    result = context.run(func, *args)
  File "/tmp/lanedet_app_env_pJ2uUX/gradio/routes.py", line 335, in main
    return templates.TemplateResponse(
  File "/tmp/lanedet_app_env_pJ2uUX/starlette/templating.py", line 148, in TemplateResponse
    template = self.get_template(name)
  File "/tmp/lanedet_app_env_pJ2uUX/starlette/templating.py", line 115, in get_template
    return self.env.get_template(name)
  File "/tmp/lanedet_app_env_pJ2uUX/jinja2/environment.py", line 1016, in get_template
    return self._load_template(name, globals)
  File "/tmp/lanedet_app_env_pJ2uUX/jinja2/environment.py", line 964, in _load_template
    template = self.cache.get(cache_key)
  File "/tmp/lanedet_app_env_pJ2uUX/jinja2/utils.py", line 477, in get
    return self[key]
  File "/tmp/lanedet_app_env_pJ2uUX/jinja2/utils.py", line 515, in __getitem__
    rv = self._mapping[key]
TypeError: unhashable type: 'dict'
ERROR:    Exception in ASGI application
Traceback (most recent call last):
  File "/tmp/lanedet_app_env_pJ2uUX/uvicorn/protocols/http/h11_impl.py", line 415, in run_asgi
    result = await app(  # type: ignore[func-returns-value]
  File "/tmp/lanedet_app_env_pJ2uUX/uvicorn/middleware/proxy_headers.py", line 56, in __call__
    return await self.app(scope, receive, send)
  File "/tmp/lanedet_app_env_pJ2uUX/fastapi/applications.py", line 1159, in __call__
    await super().__call__(scope, receive, send)
  File "/tmp/lanedet_app_env_pJ2uUX/starlette/applications.py", line 90, in __call__
    await self.middleware_stack(scope, receive, send)
  File "/tmp/lanedet_app_env_pJ2uUX/starlette/middleware/errors.py", line 186, in __call__
    raise exc
  File "/tmp/lanedet_app_env_pJ2uUX/starlette/middleware/errors.py", line 164, in __call__
    await self.app(scope, receive, _send)
  File "/tmp/lanedet_app_env_pJ2uUX/starlette/middleware/cors.py", line 88, in __call__
    await self.app(scope, receive, send)
  File "/tmp/lanedet_app_env_pJ2uUX/starlette/middleware/exceptions.py", line 63, in __call__
    await wrap_app_handling_exceptions(self.app, conn)(scope, receive, send)
  File "/tmp/lanedet_app_env_pJ2uUX/starlette/_exception_handler.py", line 53, in wrapped_app
    raise exc
  File "/tmp/lanedet_app_env_pJ2uUX/starlette/_exception_handler.py", line 42, in wrapped_app
    await app(scope, receive, sender)
  File "/tmp/lanedet_app_env_pJ2uUX/fastapi/middleware/asyncexitstack.py", line 18, in __call__
    await self.app(scope, receive, send)
  File "/tmp/lanedet_app_env_pJ2uUX/starlette/routing.py", line 660, in __call__
    await self.middleware_stack(scope, receive, send)
  File "/tmp/lanedet_app_env_pJ2uUX/starlette/routing.py", line 680, in app
    await route.handle(scope, receive, send)
  File "/tmp/lanedet_app_env_pJ2uUX/starlette/routing.py", line 276, in handle
    await self.app(scope, receive, send)
  File "/tmp/lanedet_app_env_pJ2uUX/fastapi/routing.py", line 134, in app
    await wrap_app_handling_exceptions(app, request)(scope, receive, send)
  File "/tmp/lanedet_app_env_pJ2uUX/starlette/_exception_handler.py", line 53, in wrapped_app
    raise exc
  File "/tmp/lanedet_app_env_pJ2uUX/starlette/_exception_handler.py", line 42, in wrapped_app
    await app(scope, receive, sender)
  File "/tmp/lanedet_app_env_pJ2uUX/fastapi/routing.py", line 120, in app
    response = await f(request)
  File "/tmp/lanedet_app_env_pJ2uUX/fastapi/routing.py", line 674, in app
    raw_response = await run_endpoint_function(
  File "/tmp/lanedet_app_env_pJ2uUX/fastapi/routing.py", line 330, in run_endpoint_function
    return await run_in_threadpool(dependant.call, **values)
  File "/tmp/lanedet_app_env_pJ2uUX/starlette/concurrency.py", line 32, in run_in_threadpool
    return await anyio.to_thread.run_sync(func)
  File "/tmp/lanedet_app_env_pJ2uUX/anyio/to_thread.py", line 63, in run_sync
    return await get_async_backend().run_sync_in_worker_thread(
  File "/tmp/lanedet_app_env_pJ2uUX/anyio/_backends/_asyncio.py", line 2518, in run_sync_in_worker_thread
    return await future
  File "/tmp/lanedet_app_env_pJ2uUX/anyio/_backends/_asyncio.py", line 1002, in run
    result = context.run(func, *args)
  File "/tmp/lanedet_app_env_pJ2uUX/gradio/routes.py", line 335, in main
    return templates.TemplateResponse(
  File "/tmp/lanedet_app_env_pJ2uUX/starlette/templating.py", line 148, in TemplateResponse
    template = self.get_template(name)
  File "/tmp/lanedet_app_env_pJ2uUX/starlette/templating.py", line 115, in get_template
    return self.env.get_template(name)
  File "/tmp/lanedet_app_env_pJ2uUX/jinja2/environment.py", line 1016, in get_template
    return self._load_template(name, globals)
  File "/tmp/lanedet_app_env_pJ2uUX/jinja2/environment.py", line 964, in _load_template
    template = self.cache.get(cache_key)
  File "/tmp/lanedet_app_env_pJ2uUX/jinja2/utils.py", line 477, in get
    return self[key]
  File "/tmp/lanedet_app_env_pJ2uUX/jinja2/utils.py", line 515, in __getitem__
    rv = self._mapping[key]
TypeError: unhashable type: 'dict'
