
==========
== CUDA ==
==========

CUDA Version 12.1.1

Container image Copyright (c) 2016-2023, NVIDIA CORPORATION & AFFILIATES. All rights reserved.

This container image and its contents are governed by the NVIDIA Deep Learning Container License.
By pulling and using the container, you accept the terms and conditions of this license:
https://developer.nvidia.com/ngc/nvidia-deep-learning-container-license

A copy of this license is made available in this container at /NGC-DL-CONTAINER-LICENSE for your convenience.

Collecting numpy==1.26.4
  Downloading numpy-1.26.4-cp310-cp310-manylinux_2_17_x86_64.manylinux2014_x86_64.whl.metadata (61 kB)
     ━━━━━━━━━━━━━━━━━━━━━━━━━━━━━━━━━━━━━━━━ 61.0/61.0 kB 3.5 MB/s eta 0:00:00
Collecting opencv-python-headless==4.10.0.84
  Downloading opencv_python_headless-4.10.0.84-cp37-abi3-manylinux_2_17_x86_64.manylinux2014_x86_64.whl.metadata (20 kB)
Collecting albumentations==1.4.8
  Downloading albumentations-1.4.8-py3-none-any.whl.metadata (37 kB)
Collecting albucore==0.0.9
  Downloading albucore-0.0.9-py3-none-any.whl.metadata (3.1 kB)
Collecting gradio==4.44.1
  Downloading gradio-4.44.1-py3-none-any.whl.metadata (15 kB)
Collecting huggingface_hub==0.25.2
  Downloading huggingface_hub-0.25.2-py3-none-any.whl.metadata (13 kB)
Collecting matplotlib
  Downloading matplotlib-3.10.9-cp310-cp310-manylinux2014_x86_64.manylinux_2_17_x86_64.whl.metadata (52 kB)
     ━━━━━━━━━━━━━━━━━━━━━━━━━━━━━━━━━━━━━━━━ 52.8/52.8 kB 50.7 MB/s eta 0:00:00
Collecting tqdm
  Downloading tqdm-4.67.3-py3-none-any.whl.metadata (57 kB)
     ━━━━━━━━━━━━━━━━━━━━━━━━━━━━━━━━━━━━━━━ 57.7/57.7 kB 163.3 MB/s eta 0:00:00
Collecting scipy>=1.10.0 (from albumentations==1.4.8)
  Downloading scipy-1.15.3-cp310-cp310-manylinux_2_17_x86_64.manylinux2014_x86_64.whl.metadata (61 kB)
     ━━━━━━━━━━━━━━━━━━━━━━━━━━━━━━━━━━━━━━━━ 62.0/62.0 kB 92.7 MB/s eta 0:00:00
Collecting scikit-image>=0.21.0 (from albumentations==1.4.8)
  Downloading scikit_image-0.25.2-cp310-cp310-manylinux_2_17_x86_64.manylinux2014_x86_64.whl.metadata (14 kB)
Collecting PyYAML (from albumentations==1.4.8)
  Downloading pyyaml-6.0.3-cp310-cp310-manylinux2014_x86_64.manylinux_2_17_x86_64.manylinux_2_28_x86_64.whl.metadata (2.4 kB)
Collecting typing-extensions>=4.9.0 (from albumentations==1.4.8)
  Downloading typing_extensions-4.15.0-py3-none-any.whl.metadata (3.3 kB)
Collecting scikit-learn>=1.3.2 (from albumentations==1.4.8)
  Downloading scikit_learn-1.7.2-cp310-cp310-manylinux2014_x86_64.manylinux_2_17_x86_64.whl.metadata (11 kB)
Collecting pydantic>=2.7.0 (from albumentations==1.4.8)
  Downloading pydantic-2.13.4-py3-none-any.whl.metadata (109 kB)
     ━━━━━━━━━━━━━━━━━━━━━━━━━━━━━━━━━━━━━━ 109.4/109.4 kB 55.5 MB/s eta 0:00:00
Collecting tomli>=2.0.1 (from albucore==0.0.9)
  Downloading tomli-2.4.1-py3-none-any.whl.metadata (10 kB)
Collecting aiofiles<24.0,>=22.0 (from gradio==4.44.1)
  Downloading aiofiles-23.2.1-py3-none-any.whl.metadata (9.7 kB)
Collecting anyio<5.0,>=3.0 (from gradio==4.44.1)
  Downloading anyio-4.13.0-py3-none-any.whl.metadata (4.5 kB)
Collecting fastapi<1.0 (from gradio==4.44.1)
  Downloading fastapi-0.136.1-py3-none-any.whl.metadata (28 kB)
Collecting ffmpy (from gradio==4.44.1)
  Downloading ffmpy-1.0.0-py3-none-any.whl.metadata (3.0 kB)
Collecting gradio-client==1.3.0 (from gradio==4.44.1)
  Downloading gradio_client-1.3.0-py3-none-any.whl.metadata (7.1 kB)
Collecting httpx>=0.24.1 (from gradio==4.44.1)
  Downloading httpx-0.28.1-py3-none-any.whl.metadata (7.1 kB)
Collecting importlib-resources<7.0,>=1.3 (from gradio==4.44.1)
  Downloading importlib_resources-6.5.2-py3-none-any.whl.metadata (3.9 kB)
Collecting jinja2<4.0 (from gradio==4.44.1)
  Downloading jinja2-3.1.6-py3-none-any.whl.metadata (2.9 kB)
Collecting markupsafe~=2.0 (from gradio==4.44.1)
  Downloading MarkupSafe-2.1.5-cp310-cp310-manylinux_2_17_x86_64.manylinux2014_x86_64.whl.metadata (3.0 kB)
Collecting orjson~=3.0 (from gradio==4.44.1)
  Downloading orjson-3.11.9-cp310-cp310-manylinux_2_17_x86_64.manylinux2014_x86_64.whl.metadata (41 kB)
     ━━━━━━━━━━━━━━━━━━━━━━━━━━━━━━━━━━━━━━━━ 42.0/42.0 kB 44.6 MB/s eta 0:00:00
Collecting packaging (from gradio==4.44.1)
  Downloading packaging-26.2-py3-none-any.whl.metadata (3.5 kB)
Collecting pandas<3.0,>=1.0 (from gradio==4.44.1)
  Downloading pandas-2.3.3-cp310-cp310-manylinux_2_24_x86_64.manylinux_2_28_x86_64.whl.metadata (91 kB)
     ━━━━━━━━━━━━━━━━━━━━━━━━━━━━━━━━━━━━━━━━ 91.2/91.2 kB 83.4 MB/s eta 0:00:00
Collecting pillow<11.0,>=8.0 (from gradio==4.44.1)
  Downloading pillow-10.4.0-cp310-cp310-manylinux_2_28_x86_64.whl.metadata (9.2 kB)
Collecting pydub (from gradio==4.44.1)
  Downloading pydub-0.25.1-py2.py3-none-any.whl.metadata (1.4 kB)
Collecting python-multipart>=0.0.9 (from gradio==4.44.1)
  Downloading python_multipart-0.0.29-py3-none-any.whl.metadata (2.1 kB)
Collecting ruff>=0.2.2 (from gradio==4.44.1)
  Downloading ruff-0.15.13-py3-none-manylinux_2_17_x86_64.manylinux2014_x86_64.whl.metadata (26 kB)
Collecting semantic-version~=2.0 (from gradio==4.44.1)
  Downloading semantic_version-2.10.0-py2.py3-none-any.whl.metadata (9.7 kB)
Collecting tomlkit==0.12.0 (from gradio==4.44.1)
  Downloading tomlkit-0.12.0-py3-none-any.whl.metadata (2.7 kB)
Collecting typer<1.0,>=0.12 (from gradio==4.44.1)
  Downloading typer-0.25.1-py3-none-any.whl.metadata (15 kB)
Collecting urllib3~=2.0 (from gradio==4.44.1)
  Downloading urllib3-2.7.0-py3-none-any.whl.metadata (6.9 kB)
Collecting uvicorn>=0.14.0 (from gradio==4.44.1)
  Downloading uvicorn-0.47.0-py3-none-any.whl.metadata (6.7 kB)
Collecting filelock (from huggingface_hub==0.25.2)
  Downloading filelock-3.29.0-py3-none-any.whl.metadata (2.0 kB)
Collecting fsspec>=2023.5.0 (from huggingface_hub==0.25.2)
  Downloading fsspec-2026.4.0-py3-none-any.whl.metadata (10 kB)
Collecting requests (from huggingface_hub==0.25.2)
  Downloading requests-2.34.2-py3-none-any.whl.metadata (4.8 kB)
Collecting websockets<13.0,>=10.0 (from gradio-client==1.3.0->gradio==4.44.1)
  Downloading websockets-12.0-cp310-cp310-manylinux_2_5_x86_64.manylinux1_x86_64.manylinux_2_17_x86_64.manylinux2014_x86_64.whl.metadata (6.6 kB)
Collecting contourpy>=1.0.1 (from matplotlib)
  Downloading contourpy-1.3.2-cp310-cp310-manylinux_2_17_x86_64.manylinux2014_x86_64.whl.metadata (5.5 kB)
Collecting cycler>=0.10 (from matplotlib)
  Downloading cycler-0.12.1-py3-none-any.whl.metadata (3.8 kB)
Collecting fonttools>=4.22.0 (from matplotlib)
  Downloading fonttools-4.63.0-cp310-cp310-manylinux2014_x86_64.manylinux_2_17_x86_64.whl.metadata (118 kB)
     ━━━━━━━━━━━━━━━━━━━━━━━━━━━━━━━━━━━━━ 118.7/118.7 kB 237.3 MB/s eta 0:00:00
Collecting kiwisolver>=1.3.1 (from matplotlib)
  Downloading kiwisolver-1.5.0-cp310-cp310-manylinux_2_12_x86_64.manylinux2010_x86_64.whl.metadata (5.1 kB)
Collecting pyparsing>=3 (from matplotlib)
  Downloading pyparsing-3.3.2-py3-none-any.whl.metadata (5.8 kB)
Collecting python-dateutil>=2.7 (from matplotlib)
  Downloading python_dateutil-2.9.0.post0-py2.py3-none-any.whl.metadata (8.4 kB)
Collecting exceptiongroup>=1.0.2 (from anyio<5.0,>=3.0->gradio==4.44.1)
  Downloading exceptiongroup-1.3.1-py3-none-any.whl.metadata (6.7 kB)
Collecting idna>=2.8 (from anyio<5.0,>=3.0->gradio==4.44.1)
  Downloading idna-3.15-py3-none-any.whl.metadata (7.7 kB)
Collecting starlette>=0.46.0 (from fastapi<1.0->gradio==4.44.1)
  Downloading starlette-1.0.0-py3-none-any.whl.metadata (6.3 kB)
Collecting typing-inspection>=0.4.2 (from fastapi<1.0->gradio==4.44.1)
  Downloading typing_inspection-0.4.2-py3-none-any.whl.metadata (2.6 kB)
Collecting annotated-doc>=0.0.2 (from fastapi<1.0->gradio==4.44.1)
  Downloading annotated_doc-0.0.4-py3-none-any.whl.metadata (6.6 kB)
Collecting certifi (from httpx>=0.24.1->gradio==4.44.1)
  Downloading certifi-2026.4.22-py3-none-any.whl.metadata (2.5 kB)
Collecting httpcore==1.* (from httpx>=0.24.1->gradio==4.44.1)
  Downloading httpcore-1.0.9-py3-none-any.whl.metadata (21 kB)
Collecting h11>=0.16 (from httpcore==1.*->httpx>=0.24.1->gradio==4.44.1)
  Downloading h11-0.16.0-py3-none-any.whl.metadata (8.3 kB)
Collecting pytz>=2020.1 (from pandas<3.0,>=1.0->gradio==4.44.1)
  Downloading pytz-2026.2-py2.py3-none-any.whl.metadata (22 kB)
Collecting tzdata>=2022.7 (from pandas<3.0,>=1.0->gradio==4.44.1)
  Downloading tzdata-2026.2-py2.py3-none-any.whl.metadata (1.4 kB)
Collecting annotated-types>=0.6.0 (from pydantic>=2.7.0->albumentations==1.4.8)
  Downloading annotated_types-0.7.0-py3-none-any.whl.metadata (15 kB)
Collecting pydantic-core==2.46.4 (from pydantic>=2.7.0->albumentations==1.4.8)
  Downloading pydantic_core-2.46.4-cp310-cp310-manylinux_2_17_x86_64.manylinux2014_x86_64.whl.metadata (6.6 kB)
Collecting six>=1.5 (from python-dateutil>=2.7->matplotlib)
  Downloading six-1.17.0-py2.py3-none-any.whl.metadata (1.7 kB)
Collecting networkx>=3.0 (from scikit-image>=0.21.0->albumentations==1.4.8)
  Downloading networkx-3.4.2-py3-none-any.whl.metadata (6.3 kB)
Collecting imageio!=2.35.0,>=2.33 (from scikit-image>=0.21.0->albumentations==1.4.8)
  Downloading imageio-2.37.3-py3-none-any.whl.metadata (9.7 kB)
Collecting tifffile>=2022.8.12 (from scikit-image>=0.21.0->albumentations==1.4.8)
  Downloading tifffile-2025.5.10-py3-none-any.whl.metadata (31 kB)
Collecting lazy-loader>=0.4 (from scikit-image>=0.21.0->albumentations==1.4.8)
  Downloading lazy_loader-0.5-py3-none-any.whl.metadata (5.9 kB)
Collecting joblib>=1.2.0 (from scikit-learn>=1.3.2->albumentations==1.4.8)
  Downloading joblib-1.5.3-py3-none-any.whl.metadata (5.5 kB)
Collecting threadpoolctl>=3.1.0 (from scikit-learn>=1.3.2->albumentations==1.4.8)
  Downloading threadpoolctl-3.6.0-py3-none-any.whl.metadata (13 kB)
Collecting click>=8.2.1 (from typer<1.0,>=0.12->gradio==4.44.1)
  Downloading click-8.4.0-py3-none-any.whl.metadata (2.6 kB)
Collecting shellingham>=1.3.0 (from typer<1.0,>=0.12->gradio==4.44.1)
  Downloading shellingham-1.5.4-py2.py3-none-any.whl.metadata (3.5 kB)
Collecting rich>=13.8.0 (from typer<1.0,>=0.12->gradio==4.44.1)
  Downloading rich-15.0.0-py3-none-any.whl.metadata (18 kB)
Collecting charset_normalizer<4,>=2 (from requests->huggingface_hub==0.25.2)
  Downloading charset_normalizer-3.4.7-cp310-cp310-manylinux2014_x86_64.manylinux_2_17_x86_64.manylinux_2_28_x86_64.whl.metadata (40 kB)
     ━━━━━━━━━━━━━━━━━━━━━━━━━━━━━━━━━━━━━━━ 40.9/40.9 kB 185.1 MB/s eta 0:00:00
Collecting markdown-it-py>=2.2.0 (from rich>=13.8.0->typer<1.0,>=0.12->gradio==4.44.1)
  Downloading markdown_it_py-4.2.0-py3-none-any.whl.metadata (7.4 kB)
Collecting pygments<3.0.0,>=2.13.0 (from rich>=13.8.0->typer<1.0,>=0.12->gradio==4.44.1)
  Downloading pygments-2.20.0-py3-none-any.whl.metadata (2.5 kB)
Collecting mdurl~=0.1 (from markdown-it-py>=2.2.0->rich>=13.8.0->typer<1.0,>=0.12->gradio==4.44.1)
  Downloading mdurl-0.1.2-py3-none-any.whl.metadata (1.6 kB)
Downloading numpy-1.26.4-cp310-cp310-manylinux_2_17_x86_64.manylinux2014_x86_64.whl (18.2 MB)
   ━━━━━━━━━━━━━━━━━━━━━━━━━━━━━━━━━━━━━━━━ 18.2/18.2 MB 108.5 MB/s eta 0:00:00
Downloading opencv_python_headless-4.10.0.84-cp37-abi3-manylinux_2_17_x86_64.manylinux2014_x86_64.whl (49.9 MB)
   ━━━━━━━━━━━━━━━━━━━━━━━━━━━━━━━━━━━━━━━━ 49.9/49.9 MB 106.1 MB/s eta 0:00:00
Downloading albumentations-1.4.8-py3-none-any.whl (156 kB)
   ━━━━━━━━━━━━━━━━━━━━━━━━━━━━━━━━━━━━━━━ 156.8/156.8 kB 126.8 MB/s eta 0:00:00
Downloading albucore-0.0.9-py3-none-any.whl (7.9 kB)
Downloading gradio-4.44.1-py3-none-any.whl (18.1 MB)
   ━━━━━━━━━━━━━━━━━━━━━━━━━━━━━━━━━━━━━━━━ 18.1/18.1 MB 72.5 MB/s eta 0:00:00
Downloading huggingface_hub-0.25.2-py3-none-any.whl (436 kB)
   ━━━━━━━━━━━━━━━━━━━━━━━━━━━━━━━━━━━━━━━ 436.6/436.6 kB 117.8 MB/s eta 0:00:00
Downloading gradio_client-1.3.0-py3-none-any.whl (318 kB)
   ━━━━━━━━━━━━━━━━━━━━━━━━━━━━━━━━━━━━━━━ 318.7/318.7 kB 114.0 MB/s eta 0:00:00
Downloading tomlkit-0.12.0-py3-none-any.whl (37 kB)
Downloading matplotlib-3.10.9-cp310-cp310-manylinux2014_x86_64.manylinux_2_17_x86_64.whl (8.8 MB)
   ━━━━━━━━━━━━━━━━━━━━━━━━━━━━━━━━━━━━━━━━ 8.8/8.8 MB 63.3 MB/s eta 0:00:00
Downloading tqdm-4.67.3-py3-none-any.whl (78 kB)
   ━━━━━━━━━━━━━━━━━━━━━━━━━━━━━━━━━━━━━━━━ 78.4/78.4 kB 100.5 MB/s eta 0:00:00
Downloading aiofiles-23.2.1-py3-none-any.whl (15 kB)
Downloading anyio-4.13.0-py3-none-any.whl (114 kB)
   ━━━━━━━━━━━━━━━━━━━━━━━━━━━━━━━━━━━━━━━ 114.4/114.4 kB 112.8 MB/s eta 0:00:00
Downloading contourpy-1.3.2-cp310-cp310-manylinux_2_17_x86_64.manylinux2014_x86_64.whl (325 kB)
   ━━━━━━━━━━━━━━━━━━━━━━━━━━━━━━━━━━━━━━━━ 325.0/325.0 kB 81.0 MB/s eta 0:00:00
Downloading cycler-0.12.1-py3-none-any.whl (8.3 kB)
Downloading fastapi-0.136.1-py3-none-any.whl (117 kB)
   ━━━━━━━━━━━━━━━━━━━━━━━━━━━━━━━━━━━━━━━ 117.7/117.7 kB 111.0 MB/s eta 0:00:00
Downloading fonttools-4.63.0-cp310-cp310-manylinux2014_x86_64.manylinux_2_17_x86_64.whl (4.9 MB)
   ━━━━━━━━━━━━━━━━━━━━━━━━━━━━━━━━━━━━━━━━ 4.9/4.9 MB 43.8 MB/s eta 0:00:00
Downloading fsspec-2026.4.0-py3-none-any.whl (203 kB)
   ━━━━━━━━━━━━━━━━━━━━━━━━━━━━━━━━━━━━━━━ 203.4/203.4 kB 121.1 MB/s eta 0:00:00
Downloading httpx-0.28.1-py3-none-any.whl (73 kB)
   ━━━━━━━━━━━━━━━━━━━━━━━━━━━━━━━━━━━━━━━━ 73.5/73.5 kB 75.6 MB/s eta 0:00:00
Downloading httpcore-1.0.9-py3-none-any.whl (78 kB)
   ━━━━━━━━━━━━━━━━━━━━━━━━━━━━━━━━━━━━━━━━ 78.8/78.8 kB 4.4 MB/s eta 0:00:00
Downloading importlib_resources-6.5.2-py3-none-any.whl (37 kB)
Downloading jinja2-3.1.6-py3-none-any.whl (134 kB)
   ━━━━━━━━━━━━━━━━━━━━━━━━━━━━━━━━━━━━━━━ 134.9/134.9 kB 103.9 MB/s eta 0:00:00
Downloading kiwisolver-1.5.0-cp310-cp310-manylinux_2_12_x86_64.manylinux2010_x86_64.whl (1.6 MB)
   ━━━━━━━━━━━━━━━━━━━━━━━━━━━━━━━━━━━━━━━━ 1.6/1.6 MB 44.6 MB/s eta 0:00:00
Downloading MarkupSafe-2.1.5-cp310-cp310-manylinux_2_17_x86_64.manylinux2014_x86_64.whl (25 kB)
Downloading orjson-3.11.9-cp310-cp310-manylinux_2_17_x86_64.manylinux2014_x86_64.whl (134 kB)
   ━━━━━━━━━━━━━━━━━━━━━━━━━━━━━━━━━━━━━━━ 134.2/134.2 kB 102.5 MB/s eta 0:00:00
Downloading packaging-26.2-py3-none-any.whl (100 kB)
   ━━━━━━━━━━━━━━━━━━━━━━━━━━━━━━━━━━━━━━━━ 100.2/100.2 kB 92.6 MB/s eta 0:00:00
Downloading pandas-2.3.3-cp310-cp310-manylinux_2_24_x86_64.manylinux_2_28_x86_64.whl (12.8 MB)
   ━━━━━━━━━━━━━━━━━━━━━━━━━━━━━━━━━━━━━━━━ 12.8/12.8 MB 50.3 MB/s eta 0:00:00
Downloading pillow-10.4.0-cp310-cp310-manylinux_2_28_x86_64.whl (4.5 MB)
   ━━━━━━━━━━━━━━━━━━━━━━━━━━━━━━━━━━━━━━━━ 4.5/4.5 MB 79.5 MB/s eta 0:00:00
Downloading pydantic-2.13.4-py3-none-any.whl (472 kB)
   ━━━━━━━━━━━━━━━━━━━━━━━━━━━━━━━━━━━━━━━ 472.3/472.3 kB 168.9 MB/s eta 0:00:00
Downloading pydantic_core-2.46.4-cp310-cp310-manylinux_2_17_x86_64.manylinux2014_x86_64.whl (2.1 MB)
   ━━━━━━━━━━━━━━━━━━━━━━━━━━━━━━━━━━━━━━━━ 2.1/2.1 MB 65.9 MB/s eta 0:00:00
Downloading pyparsing-3.3.2-py3-none-any.whl (122 kB)
   ━━━━━━━━━━━━━━━━━━━━━━━━━━━━━━━━━━━━━━━ 122.8/122.8 kB 133.3 MB/s eta 0:00:00
Downloading python_dateutil-2.9.0.post0-py2.py3-none-any.whl (229 kB)
   ━━━━━━━━━━━━━━━━━━━━━━━━━━━━━━━━━━━━━━━ 229.9/229.9 kB 157.3 MB/s eta 0:00:00
Downloading python_multipart-0.0.29-py3-none-any.whl (29 kB)
Downloading pyyaml-6.0.3-cp310-cp310-manylinux2014_x86_64.manylinux_2_17_x86_64.manylinux_2_28_x86_64.whl (770 kB)
   ━━━━━━━━━━━━━━━━━━━━━━━━━━━━━━━━━━━━━━━━ 770.3/770.3 kB 59.0 MB/s eta 0:00:00
Downloading ruff-0.15.13-py3-none-manylinux_2_17_x86_64.manylinux2014_x86_64.whl (11.4 MB)
   ━━━━━━━━━━━━━━━━━━━━━━━━━━━━━━━━━━━━━━━━ 11.4/11.4 MB 76.0 MB/s eta 0:00:00
Downloading scikit_image-0.25.2-cp310-cp310-manylinux_2_17_x86_64.manylinux2014_x86_64.whl (14.8 MB)
   ━━━━━━━━━━━━━━━━━━━━━━━━━━━━━━━━━━━━━━━━ 14.8/14.8 MB 50.8 MB/s eta 0:00:00
Downloading scikit_learn-1.7.2-cp310-cp310-manylinux2014_x86_64.manylinux_2_17_x86_64.whl (9.7 MB)
   ━━━━━━━━━━━━━━━━━━━━━━━━━━━━━━━━━━━━━━━━ 9.7/9.7 MB 141.3 MB/s eta 0:00:00
Downloading scipy-1.15.3-cp310-cp310-manylinux_2_17_x86_64.manylinux2014_x86_64.whl (37.7 MB)
   ━━━━━━━━━━━━━━━━━━━━━━━━━━━━━━━━━━━━━━━━ 37.7/37.7 MB 162.4 MB/s eta 0:00:00
Downloading semantic_version-2.10.0-py2.py3-none-any.whl (15 kB)
Downloading tomli-2.4.1-py3-none-any.whl (14 kB)
Downloading typer-0.25.1-py3-none-any.whl (58 kB)
   ━━━━━━━━━━━━━━━━━━━━━━━━━━━━━━━━━━━━━━━━ 58.4/58.4 kB 123.3 MB/s eta 0:00:00
Downloading typing_extensions-4.15.0-py3-none-any.whl (44 kB)
   ━━━━━━━━━━━━━━━━━━━━━━━━━━━━━━━━━━━━━━━━ 44.6/44.6 kB 172.9 MB/s eta 0:00:00
Downloading urllib3-2.7.0-py3-none-any.whl (131 kB)
   ━━━━━━━━━━━━━━━━━━━━━━━━━━━━━━━━━━━━━━━ 131.1/131.1 kB 213.1 MB/s eta 0:00:00
Downloading uvicorn-0.47.0-py3-none-any.whl (71 kB)
   ━━━━━━━━━━━━━━━━━━━━━━━━━━━━━━━━━━━━━━━━ 71.3/71.3 kB 200.3 MB/s eta 0:00:00
Downloading ffmpy-1.0.0-py3-none-any.whl (5.6 kB)
Downloading filelock-3.29.0-py3-none-any.whl (39 kB)
Downloading pydub-0.25.1-py2.py3-none-any.whl (32 kB)
Downloading requests-2.34.2-py3-none-any.whl (73 kB)
   ━━━━━━━━━━━━━━━━━━━━━━━━━━━━━━━━━━━━━━━━ 73.1/73.1 kB 154.3 MB/s eta 0:00:00
Downloading annotated_doc-0.0.4-py3-none-any.whl (5.3 kB)
Downloading annotated_types-0.7.0-py3-none-any.whl (13 kB)
Downloading certifi-2026.4.22-py3-none-any.whl (135 kB)
   ━━━━━━━━━━━━━━━━━━━━━━━━━━━━━━━━━━━━━━━ 135.7/135.7 kB 208.6 MB/s eta 0:00:00
Downloading charset_normalizer-3.4.7-cp310-cp310-manylinux2014_x86_64.manylinux_2_17_x86_64.manylinux_2_28_x86_64.whl (216 kB)
   ━━━━━━━━━━━━━━━━━━━━━━━━━━━━━━━━━━━━━━━━ 216.9/216.9 kB 92.3 MB/s eta 0:00:00
Downloading click-8.4.0-py3-none-any.whl (116 kB)
   ━━━━━━━━━━━━━━━━━━━━━━━━━━━━━━━━━━━━━━━ 116.1/116.1 kB 190.5 MB/s eta 0:00:00
Downloading exceptiongroup-1.3.1-py3-none-any.whl (16 kB)
Downloading h11-0.16.0-py3-none-any.whl (37 kB)
Downloading idna-3.15-py3-none-any.whl (72 kB)
   ━━━━━━━━━━━━━━━━━━━━━━━━━━━━━━━━━━━━━━━━ 72.3/72.3 kB 150.7 MB/s eta 0:00:00
Downloading imageio-2.37.3-py3-none-any.whl (317 kB)
   ━━━━━━━━━━━━━━━━━━━━━━━━━━━━━━━━━━━━━━━ 317.6/317.6 kB 195.5 MB/s eta 0:00:00
Downloading joblib-1.5.3-py3-none-any.whl (309 kB)
   ━━━━━━━━━━━━━━━━━━━━━━━━━━━━━━━━━━━━━━━━ 309.1/309.1 kB 89.5 MB/s eta 0:00:00
Downloading lazy_loader-0.5-py3-none-any.whl (8.0 kB)
Downloading networkx-3.4.2-py3-none-any.whl (1.7 MB)
   ━━━━━━━━━━━━━━━━━━━━━━━━━━━━━━━━━━━━━━━━ 1.7/1.7 MB 118.2 MB/s eta 0:00:00
Downloading pytz-2026.2-py2.py3-none-any.whl (510 kB)
   ━━━━━━━━━━━━━━━━━━━━━━━━━━━━━━━━━━━━━━━ 510.1/510.1 kB 223.8 MB/s eta 0:00:00
Downloading rich-15.0.0-py3-none-any.whl (310 kB)
   ━━━━━━━━━━━━━━━━━━━━━━━━━━━━━━━━━━━━━━━ 310.7/310.7 kB 221.5 MB/s eta 0:00:00
Downloading shellingham-1.5.4-py2.py3-none-any.whl (9.8 kB)
Downloading six-1.17.0-py2.py3-none-any.whl (11 kB)
Downloading starlette-1.0.0-py3-none-any.whl (72 kB)
   ━━━━━━━━━━━━━━━━━━━━━━━━━━━━━━━━━━━━━━━━ 72.7/72.7 kB 168.3 MB/s eta 0:00:00
Downloading threadpoolctl-3.6.0-py3-none-any.whl (18 kB)
Downloading tifffile-2025.5.10-py3-none-any.whl (226 kB)
   ━━━━━━━━━━━━━━━━━━━━━━━━━━━━━━━━━━━━━━━ 226.5/226.5 kB 194.1 MB/s eta 0:00:00
Downloading typing_inspection-0.4.2-py3-none-any.whl (14 kB)
Downloading tzdata-2026.2-py2.py3-none-any.whl (349 kB)
   ━━━━━━━━━━━━━━━━━━━━━━━━━━━━━━━━━━━━━━━ 349.3/349.3 kB 188.9 MB/s eta 0:00:00
Downloading websockets-12.0-cp310-cp310-manylinux_2_5_x86_64.manylinux1_x86_64.manylinux_2_17_x86_64.manylinux2014_x86_64.whl (130 kB)
   ━━━━━━━━━━━━━━━━━━━━━━━━━━━━━━━━━━━━━━━ 130.2/130.2 kB 188.1 MB/s eta 0:00:00
Downloading markdown_it_py-4.2.0-py3-none-any.whl (91 kB)
   ━━━━━━━━━━━━━━━━━━━━━━━━━━━━━━━━━━━━━━━━ 91.7/91.7 kB 170.8 MB/s eta 0:00:00
Downloading pygments-2.20.0-py3-none-any.whl (1.2 MB)
   ━━━━━━━━━━━━━━━━━━━━━━━━━━━━━━━━━━━━━━━━ 1.2/1.2 MB 176.9 MB/s eta 0:00:00
Downloading mdurl-0.1.2-py3-none-any.whl (10.0 kB)
Installing collected packages: pytz, pydub, websockets, urllib3, tzdata, typing-extensions, tqdm, tomlkit, tomli, threadpoolctl, six, shellingham, semantic-version, ruff, PyYAML, python-multipart, pyparsing, pygments, pillow, packaging, orjson, numpy, networkx, mdurl, markupsafe, kiwisolver, joblib, importlib-resources, idna, h11, fsspec, fonttools, filelock, ffmpy, cycler, click, charset_normalizer, certifi, annotated-types, annotated-doc, aiofiles, uvicorn, typing-inspection, tifffile, scipy, requests, python-dateutil, pydantic-core, opencv-python-headless, markdown-it-py, lazy-loader, jinja2, imageio, httpcore, exceptiongroup, contourpy, scikit-learn, scikit-image, rich, pydantic, pandas, matplotlib, huggingface_hub, anyio, albucore, typer, starlette, httpx, albumentations, gradio-client, fastapi, gradio
Successfully installed PyYAML-6.0.3 aiofiles-23.2.1 albucore-0.0.9 albumentations-1.4.8 annotated-doc-0.0.4 annotated-types-0.7.0 anyio-4.13.0 certifi-2026.4.22 charset_normalizer-3.4.7 click-8.4.0 contourpy-1.3.2 cycler-0.12.1 exceptiongroup-1.3.1 fastapi-0.136.1 ffmpy-1.0.0 filelock-3.29.0 fonttools-4.63.0 fsspec-2026.4.0 gradio-4.44.1 gradio-client-1.3.0 h11-0.16.0 httpcore-1.0.9 httpx-0.28.1 huggingface_hub-0.25.2 idna-3.15 imageio-2.37.3 importlib-resources-6.5.2 jinja2-3.1.6 joblib-1.5.3 kiwisolver-1.5.0 lazy-loader-0.5 markdown-it-py-4.2.0 markupsafe-2.1.5 matplotlib-3.10.9 mdurl-0.1.2 networkx-3.4.2 numpy-1.26.4 opencv-python-headless-4.10.0.84 orjson-3.11.9 packaging-26.2 pandas-2.3.3 pillow-10.4.0 pydantic-2.13.4 pydantic-core-2.46.4 pydub-0.25.1 pygments-2.20.0 pyparsing-3.3.2 python-dateutil-2.9.0.post0 python-multipart-0.0.29 pytz-2026.2 requests-2.34.2 rich-15.0.0 ruff-0.15.13 scikit-image-0.25.2 scikit-learn-1.7.2 scipy-1.15.3 semantic-version-2.10.0 shellingham-1.5.4 six-1.17.0 starlette-1.0.0 threadpoolctl-3.6.0 tifffile-2025.5.10 tomli-2.4.1 tomlkit-0.12.0 tqdm-4.67.3 typer-0.25.1 typing-extensions-4.15.0 typing-inspection-0.4.2 tzdata-2026.2 urllib3-2.7.0 uvicorn-0.47.0 websockets-12.0
