
==========
== CUDA ==
==========

CUDA Version 12.1.1

Container image Copyright (c) 2016-2023, NVIDIA CORPORATION & AFFILIATES. All rights reserved.

This container image and its contents are governed by the NVIDIA Deep Learning Container License.
By pulling and using the container, you accept the terms and conditions of this license:
https://developer.nvidia.com/ngc/nvidia-deep-learning-container-license

A copy of this license is made available in this container at /NGC-DL-CONTAINER-LICENSE for your convenience.

Collecting numpy==1.26.4
  Downloading numpy-1.26.4-cp310-cp310-manylinux_2_17_x86_64.manylinux2014_x86_64.whl.metadata (61 kB)
     ━━━━━━━━━━━━━━━━━━━━━━━━━━━━━━━━━━━━━━━━ 61.0/61.0 kB 3.0 MB/s eta 0:00:00
Collecting opencv-python-headless==4.10.0.84
  Downloading opencv_python_headless-4.10.0.84-cp37-abi3-manylinux_2_17_x86_64.manylinux2014_x86_64.whl.metadata (20 kB)
Collecting albumentations==1.4.8
  Downloading albumentations-1.4.8-py3-none-any.whl.metadata (37 kB)
Collecting albucore==0.0.9
  Downloading albucore-0.0.9-py3-none-any.whl.metadata (3.1 kB)
Collecting tqdm
  Downloading tqdm-4.67.3-py3-none-any.whl.metadata (57 kB)
     ━━━━━━━━━━━━━━━━━━━━━━━━━━━━━━━━━━━━━━━━ 57.7/57.7 kB 24.3 MB/s eta 0:00:00
Collecting matplotlib
  Downloading matplotlib-3.10.9-cp310-cp310-manylinux2014_x86_64.manylinux_2_17_x86_64.whl.metadata (52 kB)
     ━━━━━━━━━━━━━━━━━━━━━━━━━━━━━━━━━━━━━━━━ 52.8/52.8 kB 40.7 MB/s eta 0:00:00
Collecting scipy>=1.10.0 (from albumentations==1.4.8)
  Downloading scipy-1.15.3-cp310-cp310-manylinux_2_17_x86_64.manylinux2014_x86_64.whl.metadata (61 kB)
     ━━━━━━━━━━━━━━━━━━━━━━━━━━━━━━━━━━━━━━━━ 62.0/62.0 kB 25.6 MB/s eta 0:00:00
Collecting scikit-image>=0.21.0 (from albumentations==1.4.8)
  Downloading scikit_image-0.25.2-cp310-cp310-manylinux_2_17_x86_64.manylinux2014_x86_64.whl.metadata (14 kB)
Collecting PyYAML (from albumentations==1.4.8)
  Downloading pyyaml-6.0.3-cp310-cp310-manylinux2014_x86_64.manylinux_2_17_x86_64.manylinux_2_28_x86_64.whl.metadata (2.4 kB)
Collecting typing-extensions>=4.9.0 (from albumentations==1.4.8)
  Downloading typing_extensions-4.15.0-py3-none-any.whl.metadata (3.3 kB)
Collecting scikit-learn>=1.3.2 (from albumentations==1.4.8)
  Downloading scikit_learn-1.7.2-cp310-cp310-manylinux2014_x86_64.manylinux_2_17_x86_64.whl.metadata (11 kB)
Collecting pydantic>=2.7.0 (from albumentations==1.4.8)
  Downloading pydantic-2.13.4-py3-none-any.whl.metadata (109 kB)
     ━━━━━━━━━━━━━━━━━━━━━━━━━━━━━━━━━━━━━━ 109.4/109.4 kB 29.9 MB/s eta 0:00:00
Collecting tomli>=2.0.1 (from albucore==0.0.9)
  Downloading tomli-2.4.1-py3-none-any.whl.metadata (10 kB)
Collecting contourpy>=1.0.1 (from matplotlib)
  Downloading contourpy-1.3.2-cp310-cp310-manylinux_2_17_x86_64.manylinux2014_x86_64.whl.metadata (5.5 kB)
Collecting cycler>=0.10 (from matplotlib)
  Downloading cycler-0.12.1-py3-none-any.whl.metadata (3.8 kB)
Collecting fonttools>=4.22.0 (from matplotlib)
  Downloading fonttools-4.63.0-cp310-cp310-manylinux2014_x86_64.manylinux_2_17_x86_64.whl.metadata (118 kB)
     ━━━━━━━━━━━━━━━━━━━━━━━━━━━━━━━━━━━━━━ 118.7/118.7 kB 87.0 MB/s eta 0:00:00
Collecting kiwisolver>=1.3.1 (from matplotlib)
  Downloading kiwisolver-1.5.0-cp310-cp310-manylinux_2_12_x86_64.manylinux2010_x86_64.whl.metadata (5.1 kB)
Collecting packaging>=20.0 (from matplotlib)
  Downloading packaging-26.2-py3-none-any.whl.metadata (3.5 kB)
Collecting pillow>=8 (from matplotlib)
  Downloading pillow-12.2.0-cp310-cp310-manylinux_2_27_x86_64.manylinux_2_28_x86_64.whl.metadata (8.8 kB)
Collecting pyparsing>=3 (from matplotlib)
  Downloading pyparsing-3.3.2-py3-none-any.whl.metadata (5.8 kB)
Collecting python-dateutil>=2.7 (from matplotlib)
  Downloading python_dateutil-2.9.0.post0-py2.py3-none-any.whl.metadata (8.4 kB)
Collecting annotated-types>=0.6.0 (from pydantic>=2.7.0->albumentations==1.4.8)
  Downloading annotated_types-0.7.0-py3-none-any.whl.metadata (15 kB)
Collecting pydantic-core==2.46.4 (from pydantic>=2.7.0->albumentations==1.4.8)
  Downloading pydantic_core-2.46.4-cp310-cp310-manylinux_2_17_x86_64.manylinux2014_x86_64.whl.metadata (6.6 kB)
Collecting typing-inspection>=0.4.2 (from pydantic>=2.7.0->albumentations==1.4.8)
  Downloading typing_inspection-0.4.2-py3-none-any.whl.metadata (2.6 kB)
Collecting six>=1.5 (from python-dateutil>=2.7->matplotlib)
  Downloading six-1.17.0-py2.py3-none-any.whl.metadata (1.7 kB)
Collecting networkx>=3.0 (from scikit-image>=0.21.0->albumentations==1.4.8)
  Downloading networkx-3.4.2-py3-none-any.whl.metadata (6.3 kB)
Collecting imageio!=2.35.0,>=2.33 (from scikit-image>=0.21.0->albumentations==1.4.8)
  Downloading imageio-2.37.3-py3-none-any.whl.metadata (9.7 kB)
Collecting tifffile>=2022.8.12 (from scikit-image>=0.21.0->albumentations==1.4.8)
  Downloading tifffile-2025.5.10-py3-none-any.whl.metadata (31 kB)
Collecting lazy-loader>=0.4 (from scikit-image>=0.21.0->albumentations==1.4.8)
  Downloading lazy_loader-0.5-py3-none-any.whl.metadata (5.9 kB)
Collecting joblib>=1.2.0 (from scikit-learn>=1.3.2->albumentations==1.4.8)
  Downloading joblib-1.5.3-py3-none-any.whl.metadata (5.5 kB)
Collecting threadpoolctl>=3.1.0 (from scikit-learn>=1.3.2->albumentations==1.4.8)
  Downloading threadpoolctl-3.6.0-py3-none-any.whl.metadata (13 kB)
Downloading numpy-1.26.4-cp310-cp310-manylinux_2_17_x86_64.manylinux2014_x86_64.whl (18.2 MB)
   ━━━━━━━━━━━━━━━━━━━━━━━━━━━━━━━━━━━━━━━━ 18.2/18.2 MB 201.3 MB/s eta 0:00:00
Downloading opencv_python_headless-4.10.0.84-cp37-abi3-manylinux_2_17_x86_64.manylinux2014_x86_64.whl (49.9 MB)
   ━━━━━━━━━━━━━━━━━━━━━━━━━━━━━━━━━━━━━━━━ 49.9/49.9 MB 223.1 MB/s eta 0:00:00
Downloading albumentations-1.4.8-py3-none-any.whl (156 kB)
   ━━━━━━━━━━━━━━━━━━━━━━━━━━━━━━━━━━━━━━━ 156.8/156.8 kB 266.1 MB/s eta 0:00:00
Downloading albucore-0.0.9-py3-none-any.whl (7.9 kB)
Downloading tqdm-4.67.3-py3-none-any.whl (78 kB)
   ━━━━━━━━━━━━━━━━━━━━━━━━━━━━━━━━━━━━━━━━ 78.4/78.4 kB 188.2 MB/s eta 0:00:00
Downloading matplotlib-3.10.9-cp310-cp310-manylinux2014_x86_64.manylinux_2_17_x86_64.whl (8.8 MB)
   ━━━━━━━━━━━━━━━━━━━━━━━━━━━━━━━━━━━━━━━━ 8.8/8.8 MB 219.8 MB/s eta 0:00:00
Downloading contourpy-1.3.2-cp310-cp310-manylinux_2_17_x86_64.manylinux2014_x86_64.whl (325 kB)
   ━━━━━━━━━━━━━━━━━━━━━━━━━━━━━━━━━━━━━━━ 325.0/325.0 kB 196.7 MB/s eta 0:00:00
Downloading cycler-0.12.1-py3-none-any.whl (8.3 kB)
Downloading fonttools-4.63.0-cp310-cp310-manylinux2014_x86_64.manylinux_2_17_x86_64.whl (4.9 MB)
   ━━━━━━━━━━━━━━━━━━━━━━━━━━━━━━━━━━━━━━━━ 4.9/4.9 MB 166.5 MB/s eta 0:00:00
Downloading kiwisolver-1.5.0-cp310-cp310-manylinux_2_12_x86_64.manylinux2010_x86_64.whl (1.6 MB)
   ━━━━━━━━━━━━━━━━━━━━━━━━━━━━━━━━━━━━━━━━ 1.6/1.6 MB 165.9 MB/s eta 0:00:00
Downloading packaging-26.2-py3-none-any.whl (100 kB)
   ━━━━━━━━━━━━━━━━━━━━━━━━━━━━━━━━━━━━━━━ 100.2/100.2 kB 105.9 MB/s eta 0:00:00
Downloading pillow-12.2.0-cp310-cp310-manylinux_2_27_x86_64.manylinux_2_28_x86_64.whl (7.1 MB)
   ━━━━━━━━━━━━━━━━━━━━━━━━━━━━━━━━━━━━━━━━ 7.1/7.1 MB 178.3 MB/s eta 0:00:00
Downloading pydantic-2.13.4-py3-none-any.whl (472 kB)
   ━━━━━━━━━━━━━━━━━━━━━━━━━━━━━━━━━━━━━━━ 472.3/472.3 kB 212.1 MB/s eta 0:00:00
Downloading pydantic_core-2.46.4-cp310-cp310-manylinux_2_17_x86_64.manylinux2014_x86_64.whl (2.1 MB)
   ━━━━━━━━━━━━━━━━━━━━━━━━━━━━━━━━━━━━━━━━ 2.1/2.1 MB 181.9 MB/s eta 0:00:00
Downloading pyparsing-3.3.2-py3-none-any.whl (122 kB)
   ━━━━━━━━━━━━━━━━━━━━━━━━━━━━━━━━━━━━━━━ 122.8/122.8 kB 169.2 MB/s eta 0:00:00
Downloading python_dateutil-2.9.0.post0-py2.py3-none-any.whl (229 kB)
   ━━━━━━━━━━━━━━━━━━━━━━━━━━━━━━━━━━━━━━━ 229.9/229.9 kB 129.9 MB/s eta 0:00:00
Downloading scikit_image-0.25.2-cp310-cp310-manylinux_2_17_x86_64.manylinux2014_x86_64.whl (14.8 MB)
   ━━━━━━━━━━━━━━━━━━━━━━━━━━━━━━━━━━━━━━━━ 14.8/14.8 MB 190.7 MB/s eta 0:00:00
Downloading scikit_learn-1.7.2-cp310-cp310-manylinux2014_x86_64.manylinux_2_17_x86_64.whl (9.7 MB)
   ━━━━━━━━━━━━━━━━━━━━━━━━━━━━━━━━━━━━━━━━ 9.7/9.7 MB 206.9 MB/s eta 0:00:00
Downloading scipy-1.15.3-cp310-cp310-manylinux_2_17_x86_64.manylinux2014_x86_64.whl (37.7 MB)
   ━━━━━━━━━━━━━━━━━━━━━━━━━━━━━━━━━━━━━━━━ 37.7/37.7 MB 218.3 MB/s eta 0:00:00
Downloading tomli-2.4.1-py3-none-any.whl (14 kB)
Downloading typing_extensions-4.15.0-py3-none-any.whl (44 kB)
   ━━━━━━━━━━━━━━━━━━━━━━━━━━━━━━━━━━━━━━━━ 44.6/44.6 kB 109.2 MB/s eta 0:00:00
Downloading pyyaml-6.0.3-cp310-cp310-manylinux2014_x86_64.manylinux_2_17_x86_64.manylinux_2_28_x86_64.whl (770 kB)
   ━━━━━━━━━━━━━━━━━━━━━━━━━━━━━━━━━━━━━━━ 770.3/770.3 kB 230.2 MB/s eta 0:00:00
Downloading annotated_types-0.7.0-py3-none-any.whl (13 kB)
Downloading imageio-2.37.3-py3-none-any.whl (317 kB)
   ━━━━━━━━━━━━━━━━━━━━━━━━━━━━━━━━━━━━━━━ 317.6/317.6 kB 189.6 MB/s eta 0:00:00
Downloading joblib-1.5.3-py3-none-any.whl (309 kB)
   ━━━━━━━━━━━━━━━━━━━━━━━━━━━━━━━━━━━━━━━ 309.1/309.1 kB 175.3 MB/s eta 0:00:00
Downloading lazy_loader-0.5-py3-none-any.whl (8.0 kB)
Downloading networkx-3.4.2-py3-none-any.whl (1.7 MB)
   ━━━━━━━━━━━━━━━━━━━━━━━━━━━━━━━━━━━━━━━━ 1.7/1.7 MB 192.5 MB/s eta 0:00:00
Downloading six-1.17.0-py2.py3-none-any.whl (11 kB)
Downloading threadpoolctl-3.6.0-py3-none-any.whl (18 kB)
Downloading tifffile-2025.5.10-py3-none-any.whl (226 kB)
   ━━━━━━━━━━━━━━━━━━━━━━━━━━━━━━━━━━━━━━━ 226.5/226.5 kB 195.9 MB/s eta 0:00:00
Downloading typing_inspection-0.4.2-py3-none-any.whl (14 kB)
Installing collected packages: typing-extensions, tqdm, tomli, threadpoolctl, six, PyYAML, pyparsing, pillow, packaging, numpy, networkx, kiwisolver, joblib, fonttools, cycler, annotated-types, typing-inspection, tifffile, scipy, python-dateutil, pydantic-core, opencv-python-headless, lazy-loader, imageio, contourpy, scikit-learn, scikit-image, pydantic, matplotlib, albucore, albumentations
Successfully installed PyYAML-6.0.3 albucore-0.0.9 albumentations-1.4.8 annotated-types-0.7.0 contourpy-1.3.2 cycler-0.12.1 fonttools-4.63.0 imageio-2.37.3 joblib-1.5.3 kiwisolver-1.5.0 lazy-loader-0.5 matplotlib-3.10.9 networkx-3.4.2 numpy-1.26.4 opencv-python-headless-4.10.0.84 packaging-26.2 pillow-12.2.0 pydantic-2.13.4 pydantic-core-2.46.4 pyparsing-3.3.2 python-dateutil-2.9.0.post0 scikit-image-0.25.2 scikit-learn-1.7.2 scipy-1.15.3 six-1.17.0 threadpoolctl-3.6.0 tifffile-2025.5.10 tomli-2.4.1 tqdm-4.67.3 typing-extensions-4.15.0 typing-inspection-0.4.2
torch 2.3.1
cuda True
Tesla P100-SXM2-16GB
cv2 4.10.0
numpy 1.26.4
albumentations 1.4.8
DATA_ROOT: /home/atml_team066/Lane_detection/train_subset_1200
Annotations: 1200
Missing images: 0
device: cuda
epoch 1/25 | loss 0.2912/0.1479 | iou 0.0301 f1 0.0582 | 60.3s
epoch 2/25 | loss 0.1035/0.0753 | iou 0.0859 f1 0.1575 | 60.3s
epoch 3/25 | loss 0.0684/0.0640 | iou 0.1633 f1 0.2794 | 59.5s
epoch 4/25 | loss 0.0572/0.0603 | iou 0.0548 f1 0.1034 | 60.6s
epoch 5/25 | loss 0.0522/0.0533 | iou 0.1669 f1 0.2850 | 60.6s
epoch 6/25 | loss 0.0493/0.0505 | iou 0.1886 f1 0.3163 | 57.5s
epoch 7/25 | loss 0.0473/0.0488 | iou 0.2103 f1 0.3460 | 59.3s
epoch 8/25 | loss 0.0461/0.0489 | iou 0.2116 f1 0.3481 | 58.5s
epoch 9/25 | loss 0.0450/0.0465 | iou 0.2821 f1 0.4389 | 59.1s
epoch 10/25 | loss 0.0443/0.0537 | iou 0.1020 f1 0.1845 | 57.8s
epoch 11/25 | loss 0.0434/0.0482 | iou 0.1489 f1 0.2587 | 58.9s
epoch 12/25 | loss 0.0427/0.0482 | iou 0.1978 f1 0.3292 | 58.4s
epoch 13/25 | loss 0.0421/0.0448 | iou 0.2249 f1 0.3659 | 61.9s
epoch 14/25 | loss 0.0416/0.0466 | iou 0.1903 f1 0.3188 | 59.8s
epoch 15/25 | loss 0.0409/0.0455 | iou 0.2371 f1 0.3822 | 61.2s
epoch 16/25 | loss 0.0407/0.0487 | iou 0.1931 f1 0.3224 | 60.1s
epoch 17/25 | loss 0.0402/0.0424 | iou 0.2454 f1 0.3931 | 60.1s
epoch 18/25 | loss 0.0400/0.0429 | iou 0.2628 f1 0.4150 | 57.9s
epoch 19/25 | loss 0.0394/0.0438 | iou 0.2123 f1 0.3494 | 63.8s
epoch 20/25 | loss 0.0391/0.0419 | iou 0.2852 f1 0.4430 | 59.7s
epoch 21/25 | loss 0.0388/0.0435 | iou 0.2332 f1 0.3773 | 56.7s
epoch 22/25 | loss 0.0386/0.0428 | iou 0.2433 f1 0.3903 | 45.0s
epoch 23/25 | loss 0.0381/0.0420 | iou 0.2884 f1 0.4469 | 35.1s
epoch 24/25 | loss 0.0378/0.0421 | iou 0.2586 f1 0.4099 | 35.3s
epoch 25/25 | loss 0.0377/0.0424 | iou 0.2519 f1 0.4014 | 35.1s
best val IoU: 0.2884
checkpoint: /home/atml_team066/Lane_detection/checkpoints/laneatt_best.pt
log: /home/atml_team066/Lane_detection/outputs/laneatt_train_log.json
